wall clock cube time: 109
c -55,54,25,73,66,67,-9,267,88,56 time: 0.72, learned: 60834, props: 3761232, sat: False
c -55,54,25,73,-66,67,9,-267,88,-56 time: 21.28, learned: 991257, props: 47818350, sat: False
c 55,54,-25,-73,-66,-67,-9,267,-88,56 time: 1.78, learned: 132082, props: 7290764, sat: False
c 55,-54,-25,-73,66,-67,9,-267,-88,56 time: 10.06, learned: 518571, props: 25476596, sat: False
c 55,54,-25,73,-66,67,9,267,-88,-56 time: 4.78, learned: 311203, props: 15560586, sat: False
c -55,-54,-25,-73,-66,-67,-9,267,-88,-56 time: 2.3, learned: 158818, props: 8380518, sat: False
c 55,-54,25,73,66,67,9,-267,-88,56 time: 10.51, learned: 546286, props: 26758211, sat: False
c -55,-54,25,73,-66,67,9,-267,-88,-56 time: 10.23, learned: 508719, props: 24263557, sat: False
c -55,54,-25,-73,-66,-67,9,-267,-88,56 time: 4.21, learned: 279034, props: 14170763, sat: False
c 55,-54,25,73,-66,67,9,267,88,-56 time: 8.68, learned: 446713, props: 21325174, sat: False
c -55,-54,-25,-73,-66,67,9,267,88,56 time: 10.65, learned: 533069, props: 26119741, sat: False
c -55,-54,-25,73,-66,67,9,-267,-88,-56 time: 7.49, learned: 406098, props: 20582323, sat: False
c 55,-54,-25,73,66,-67,-9,267,-88,-56 time: 2.27, learned: 144544, props: 7750160, sat: False
c -55,-54,-25,73,66,67,-9,-267,88,-56 time: 6.31, learned: 368424, props: 18571841, sat: False
c 55,-54,-25,-73,-66,67,-9,-267,88,56 time: 11.16, learned: 552260, props: 27289716, sat: False
c -55,-54,-25,-73,66,67,-9,-267,88,56 time: 7.39, learned: 416475, props: 20754565, sat: False
c 55,-54,-25,-73,-66,-67,-9,-267,88,56 time: 5.17, learned: 317111, props: 16176604, sat: False
c 55,-54,25,-73,-66,67,9,267,-88,-56 time: 7.52, learned: 425456, props: 19797989, sat: False
c 55,-54,25,-73,-66,-67,9,-267,-88,56 time: 8.18, learned: 455023, props: 21407649, sat: False
c 55,54,-25,-73,-66,67,9,-267,88,56 time: 8.71, learned: 491927, props: 25349171, sat: False
c -55,54,-25,73,-66,67,-9,267,88,56 time: 2.51, learned: 187864, props: 9728490, sat: False
c 55,54,-25,73,66,67,-9,-267,88,-56 time: 10.48, learned: 564049, props: 28442662, sat: False
c -55,-54,25,-73,-66,-67,-9,267,-88,56 time: 8.69, learned: 455998, props: 20999207, sat: False
c -55,54,-25,73,66,67,9,267,88,-56 time: 3.44, learned: 228261, props: 11693447, sat: False
c 55,-54,-25,-73,-66,67,9,-267,-88,56 time: 13.31, learned: 641337, props: 32808217, sat: False
c 55,54,25,73,66,-67,-9,-267,-88,-56 time: 7.87, learned: 438164, props: 21700423, sat: False
c -55,54,25,-73,66,67,-9,-267,-88,-56 time: 9.51, learned: 484891, props: 23417281, sat: False
c 55,-54,-25,-73,66,-67,-9,267,88,-56 time: 4.35, learned: 273741, props: 13356970, sat: False
c 55,-54,-25,73,-66,-67,9,-267,-88,-56 time: 6.75, learned: 364514, props: 18053631, sat: False
c -55,-54,-25,-73,66,67,-9,267,-88,-56 time: 0.39, learned: 30856, props: 2068660, sat: False
c 55,54,25,73,66,-67,-9,-267,-88,56 time: 3.03, learned: 210851, props: 11513238, sat: False
c -55,-54,25,73,-66,67,9,267,88,-56 time: 3.7, learned: 236003, props: 12315834, sat: False
c 55,54,-25,73,66,67,-9,-267,-88,56 time: 3.3, learned: 228891, props: 12087874, sat: False
c -55,-54,25,73,66,-67,-9,267,88,56 time: 4.66, learned: 289536, props: 13649862, sat: False
c -55,54,25,-73,66,-67,9,267,-88,56 time: 7.07, learned: 415097, props: 20285725, sat: False
c -55,-54,25,-73,66,67,-9,-267,-88,-56 time: 5.54, learned: 336633, props: 17103700, sat: False
c -55,-54,-25,73,66,67,9,-267,-88,56 time: 11.23, learned: 575011, props: 26830817, sat: False
c -55,-54,-25,73,-66,67,-9,267,-88,-56 time: 0.91, learned: 67969, props: 3990122, sat: False
c 55,-54,25,73,-66,-67,9,-267,88,-56 time: 9.63, learned: 504586, props: 24429096, sat: False
c 55,-54,25,-73,66,67,9,-267,88,-56 time: 18.57, learned: 883238, props: 43568598, sat: False
c 55,54,25,73,-66,67,-9,267,88,56 time: 3.14, learned: 206879, props: 11407030, sat: False
c -55,54,25,73,66,-67,-9,-267,88,-56 time: 14.16, learned: 678408, props: 31235643, sat: False
c -55,-54,25,73,-66,-67,-9,267,88,-56 time: 2.29, learned: 160515, props: 8688372, sat: False
c 55,54,-25,73,66,67,9,267,-88,56 time: 0.96, learned: 69785, props: 4156407, sat: False
c 55,54,-25,73,-66,67,9,267,88,-56 time: 7.98, learned: 424757, props: 21111076, sat: False
c -55,-54,-25,-73,-66,67,-9,267,-88,56 time: 2.25, learned: 163513, props: 8637583, sat: False
c -55,54,25,-73,66,67,-9,267,88,56 time: 1.42, learned: 114210, props: 6204909, sat: False
c -55,-54,-25,-73,-66,-67,-9,267,88,-56 time: 4.97, learned: 301020, props: 15218856, sat: False
c -55,-54,-25,-73,-66,-67,-9,-267,88,56 time: 3.89, learned: 255428, props: 13271667, sat: False
c -55,-54,-25,73,66,67,-9,-267,-88,-56 time: 3.33, learned: 230685, props: 12312674, sat: False
c -55,54,25,73,66,-67,9,-267,-88,56 time: 32.36, learned: 1335848, props: 62994970, sat: False
c -55,54,-25,-73,-66,67,9,-267,-88,-56 time: 9.59, learned: 514412, props: 24392763, sat: False
c -55,54,-25,73,66,-67,9,-267,88,56 time: 19.7, learned: 942377, props: 44035443, sat: False
c 55,-54,25,73,66,-67,9,-267,-88,56 time: 10.6, learned: 548117, props: 27367599, sat: False
c 55,54,25,-73,-66,67,-9,-267,88,56 time: 6.93, learned: 428206, props: 20947363, sat: False
c 55,-54,25,-73,66,-67,9,267,-88,56 time: 7.85, learned: 425229, props: 20102482, sat: False
c 55,-54,25,73,-66,-67,9,267,88,56 time: 13.31, learned: 575919, props: 28356095, sat: False
c 55,-54,-25,-73,66,67,9,267,-88,56 time: 0.96, learned: 72798, props: 4216333, sat: False
c -55,54,-25,73,66,67,-9,267,-88,56 time: 0.44, learned: 34161, props: 2270666, sat: False
c -55,54,-25,73,66,-67,-9,-267,-88,-56 time: 10.31, learned: 523647, props: 26145579, sat: False
c 55,-54,-25,-73,66,-67,-9,267,-88,56 time: 2.31, learned: 164805, props: 9082593, sat: False
c 55,54,25,-73,-66,67,-9,267,-88,56 time: 1.69, learned: 125294, props: 6915325, sat: False
c -55,-54,25,-73,66,67,-9,267,-88,56 time: 0.54, learned: 43994, props: 2655525, sat: False
c -55,-54,25,-73,66,-67,9,267,88,-56 time: 7.09, learned: 396128, props: 18929158, sat: False
c -55,54,25,-73,-66,-67,9,-267,88,56 time: 7.83, learned: 447679, props: 21454772, sat: False
c -55,54,25,73,-66,-67,-9,267,-88,56 time: 3.84, learned: 259760, props: 13696546, sat: False
c 55,54,25,-73,-66,67,9,267,88,-56 time: 9.61, learned: 508860, props: 24121802, sat: False
c 55,-54,25,-73,-66,-67,-9,267,88,-56 time: 7.54, learned: 424025, props: 20696903, sat: False
c -55,54,-25,-73,66,67,-9,-267,88,-56 time: 10.5, learned: 534325, props: 25145176, sat: False
c -55,-54,-25,73,-66,-67,9,-267,-88,-56 time: 3.44, learned: 216090, props: 11218548, sat: False
c 55,-54,25,-73,-66,67,9,267,88,-56 time: 13.3, learned: 659311, props: 30616857, sat: False
c 55,54,-25,73,-66,-67,9,267,88,56 time: 5.43, learned: 347645, props: 17644488, sat: False
c 55,-54,-25,-73,-66,-67,9,-267,88,56 time: 9.69, learned: 474329, props: 24479629, sat: False
c -55,-54,-25,-73,66,67,9,-267,-88,-56 time: 6.37, learned: 374824, props: 19011182, sat: False
c -55,54,25,73,66,67,9,267,-88,-56 time: 2.62, learned: 172010, props: 9157586, sat: False
c 55,54,25,-73,-66,-67,9,-267,-88,56 time: 2.15, learned: 157851, props: 8740719, sat: False
c 55,54,25,73,66,67,-9,267,88,-56 time: 1.94, learned: 139727, props: 7801002, sat: False
c 55,54,-25,73,-66,67,-9,-267,88,-56 time: 10.37, learned: 547407, props: 26200741, sat: False
c 55,-54,25,-73,66,-67,9,267,88,-56 time: 9.21, learned: 483459, props: 22096051, sat: False
c -55,-54,25,-73,-66,67,9,267,-88,-56 time: 2.4, learned: 164372, props: 9081138, sat: False
c 55,54,-25,-73,66,-67,9,-267,-88,-56 time: 10.82, learned: 561508, props: 28701854, sat: False
c 55,-54,-25,-73,66,-67,9,-267,88,56 time: 4.58, learned: 293183, props: 14773546, sat: False
c -55,-54,-25,-73,66,-67,-9,267,88,-56 time: 2.08, learned: 142737, props: 7854565, sat: False
c -55,54,-25,-73,-66,67,9,-267,88,56 time: 17.53, learned: 867922, props: 42088492, sat: False
c -55,54,25,73,-66,67,9,267,-88,56 time: 6.83, learned: 387306, props: 18443246, sat: False
c 55,-54,25,-73,-66,67,-9,-267,88,56 time: 13.55, learned: 673710, props: 32921342, sat: False
c 55,54,25,73,-66,67,-9,267,88,-56 time: 4.79, learned: 294596, props: 14902351, sat: False
c -55,54,-25,-73,66,-67,-9,267,-88,56 time: 2.0, learned: 131222, props: 7436300, sat: False
c 55,54,25,73,66,-67,9,267,88,-56 time: 9.22, learned: 485608, props: 23303420, sat: False
c 55,54,25,-73,66,67,9,267,88,-56 time: 3.5, learned: 243564, props: 12585668, sat: False
c 55,54,25,-73,-66,67,9,-267,88,-56 time: 24.97, learned: 1118166, props: 52879186, sat: False
c 55,54,25,73,66,67,9,-267,88,56 time: 8.71, learned: 497027, props: 24257308, sat: False
c 55,54,-25,73,-66,-67,9,-267,-88,56 time: 1.97, learned: 141617, props: 7999869, sat: False
c 55,-54,-25,73,-66,67,9,267,-88,56 time: 4.24, learned: 272715, props: 13468196, sat: False
c 55,-54,-25,-73,66,-67,-9,-267,88,56 time: 3.0, learned: 205749, props: 10574110, sat: False
c -55,-54,25,-73,-66,-67,9,267,-88,-56 time: 7.2, learned: 403702, props: 19114579, sat: False
c 55,54,-25,-73,-66,-67,9,267,-88,-56 time: 5.82, learned: 336943, props: 17409902, sat: False
c 55,54,-25,73,66,67,9,-267,88,56 time: 6.11, learned: 364776, props: 18450650, sat: False
c -55,54,-25,-73,-66,-67,-9,-267,-88,56 time: 2.09, learned: 137881, props: 7702467, sat: False
c -55,54,-25,73,66,-67,-9,-267,-88,56 time: 10.31, learned: 504404, props: 25435087, sat: False
c -55,54,25,73,66,67,9,-267,-88,-56 time: 26.93, learned: 1074072, props: 49796466, sat: False
c 55,-54,25,73,-66,67,-9,-267,-88,56 time: 8.59, learned: 480109, props: 23099711, sat: False
c -55,-54,-25,73,-66,67,9,267,88,56 time: 8.18, learned: 434980, props: 21525573, sat: False
c 55,54,25,73,-66,-67,9,267,-88,56 time: 6.87, learned: 405195, props: 20049742, sat: False
c 55,54,-25,73,-66,-67,9,267,-88,-56 time: 6.71, learned: 373503, props: 18341916, sat: False
c -55,-54,-25,-73,66,67,-9,-267,-88,56 time: 4.74, learned: 280019, props: 14506149, sat: False
c -55,-54,25,-73,66,67,-9,-267,88,-56 time: 9.55, learned: 472404, props: 22836396, sat: False
c 55,-54,25,-73,66,-67,-9,267,-88,56 time: 3.38, learned: 199475, props: 10692919, sat: False
c 55,54,-25,-73,-66,67,9,267,88,56 time: 2.71, learned: 177378, props: 9845369, sat: False
c 55,54,-25,73,66,-67,9,-267,-88,56 time: 5.39, learned: 324081, props: 16737930, sat: False
c -55,54,-25,73,66,67,-9,267,-88,-56 time: 0.97, learned: 73915, props: 4060155, sat: False
c -55,54,-25,-73,-66,-67,-9,267,88,-56 time: 5.77, learned: 321450, props: 16703570, sat: False
c 55,-54,25,-73,66,67,-9,-267,-88,56 time: 4.36, learned: 281647, props: 13871034, sat: False
c -55,54,-25,-73,66,67,9,267,88,56 time: 1.69, learned: 122456, props: 6850583, sat: False
c 55,-54,25,-73,-66,67,-9,267,88,56 time: 5.24, learned: 327913, props: 16164504, sat: False
c -55,-54,-25,-73,-66,67,9,-267,-88,-56 time: 8.6, learned: 454059, props: 22534548, sat: False
c 55,-54,25,-73,-66,-67,9,-267,88,-56 time: 10.65, learned: 519910, props: 25222101, sat: False
c -55,54,25,-73,66,67,9,267,88,-56 time: 4.82, learned: 293950, props: 14267343, sat: False
c 55,-54,25,73,66,67,-9,-267,88,56 time: 3.78, learned: 223829, props: 12137761, sat: False
c -55,-54,25,73,66,-67,9,267,-88,56 time: 8.03, learned: 417414, props: 19558531, sat: False
c 55,-54,-25,-73,66,67,-9,-267,-88,-56 time: 7.45, learned: 406106, props: 20212552, sat: False
c -55,-54,-25,-73,66,-67,-9,267,88,56 time: 4.79, learned: 282645, props: 14816044, sat: False
c 55,54,25,-73,66,67,9,267,-88,-56 time: 2.69, learned: 172828, props: 9436811, sat: False
c 55,54,25,73,66,-67,-9,-267,88,56 time: 2.21, learned: 144101, props: 8032569, sat: False
c -55,-54,-25,73,66,-67,9,-267,-88,-56 time: 9.9, learned: 508284, props: 24528082, sat: False
c 55,54,-25,73,-66,67,9,267,88,56 time: 3.68, learned: 238184, props: 12846685, sat: False
c 55,54,25,73,66,-67,9,-267,-88,-56 time: 13.89, learned: 680290, props: 34632208, sat: False
c 55,-54,25,73,-66,-67,9,267,-88,56 time: 10.75, learned: 521859, props: 25461037, sat: False
c -55,54,-25,-73,66,67,-9,-267,-88,56 time: 5.45, learned: 316476, props: 15968343, sat: False
c 55,-54,25,-73,-66,-67,-9,267,88,56 time: 6.59, learned: 360599, props: 18064017, sat: False
c -55,54,-25,-73,66,67,-9,267,88,-56 time: 1.37, learned: 106499, props: 5771206, sat: False
c 55,-54,-25,-73,-66,-67,9,-267,-88,56 time: 8.41, learned: 441378, props: 21261289, sat: False
c -55,54,-25,-73,-66,-67,9,267,88,-56 time: 10.2, learned: 509388, props: 23878268, sat: False
c -55,54,-25,-73,-66,67,9,-267,-88,56 time: 10.17, learned: 493425, props: 24881632, sat: False
c 55,54,25,-73,66,-67,-9,-267,88,-56 time: 6.81, learned: 384038, props: 18903024, sat: False
c 55,-54,25,73,-66,-67,-9,267,88,-56 time: 6.08, learned: 332728, props: 16149772, sat: False
c 55,-54,-25,73,66,67,-9,-267,88,56 time: 2.9, learned: 202481, props: 10693232, sat: False
c 55,54,-25,73,-66,67,-9,-267,-88,56 time: 3.92, learned: 257733, props: 13400895, sat: False
c -55,-54,-25,-73,66,67,-9,267,88,56 time: 1.51, learned: 98615, props: 5550056, sat: False
c -55,54,-25,-73,-66,-67,-9,-267,88,56 time: 2.98, learned: 198357, props: 10503011, sat: False
c -55,-54,-25,-73,-66,67,-9,267,-88,-56 time: 1.64, learned: 110465, props: 5931162, sat: False
c -55,-54,-25,-73,-66,67,-9,-267,88,56 time: 12.54, learned: 609270, props: 28798609, sat: False
c 55,-54,-25,-73,-66,67,9,267,88,-56 time: 8.87, learned: 465434, props: 22218711, sat: False
c -55,-54,25,-73,66,67,9,267,-88,-56 time: 1.69, learned: 117289, props: 6314152, sat: False
c 55,-54,-25,73,66,67,-9,-267,88,-56 time: 11.43, learned: 565992, props: 28084574, sat: False
c 55,-54,-25,-73,66,-67,-9,-267,-88,-56 time: 12.05, learned: 558845, props: 27129545, sat: False
c -55,-54,-25,73,66,67,-9,267,-88,-56 time: 0.42, learned: 31727, props: 2185613, sat: False
c -55,-54,25,73,66,-67,-9,-267,88,-56 time: 7.34, learned: 387574, props: 19264051, sat: False
c 55,54,-25,-73,66,-67,-9,-267,-88,56 time: 1.9, learned: 134798, props: 7657726, sat: False
c 55,54,-25,-73,-66,67,-9,-267,-88,56 time: 1.98, learned: 138049, props: 7829909, sat: False
c -55,54,-25,73,-66,-67,9,-267,88,-56 time: 8.91, learned: 457528, props: 21861309, sat: False
c -55,54,-25,73,-66,-67,-9,-267,88,56 time: 6.12, learned: 334345, props: 16623532, sat: False
c -55,-54,25,-73,-66,-67,-9,267,88,-56 time: 5.35, learned: 304779, props: 15093841, sat: False
c 55,-54,25,73,66,-67,-9,267,88,-56 time: 3.38, learned: 216645, props: 11381081, sat: False
c -55,-54,25,73,66,67,9,267,-88,-56 time: 0.86, learned: 62822, props: 3730119, sat: False
c -55,54,25,73,66,67,9,267,88,-56 time: 3.84, learned: 227972, props: 11741232, sat: False
c 55,54,-25,-73,-66,-67,9,267,88,-56 time: 10.35, learned: 510780, props: 25244857, sat: False
c -55,54,25,-73,-66,67,9,267,-88,-56 time: 3.57, learned: 228727, props: 12045771, sat: False
c 55,54,25,-73,66,-67,9,-267,88,-56 time: 11.33, learned: 563810, props: 27671858, sat: False
c -55,-54,-25,-73,-66,-67,9,267,-88,56 time: 8.66, learned: 440004, props: 21162317, sat: False
c -55,-54,-25,73,-66,-67,9,-267,-88,56 time: 7.18, learned: 374541, props: 18409523, sat: False
c -55,54,-25,-73,66,-67,9,-267,-88,-56 time: 13.15, learned: 618256, props: 31167577, sat: False
c -55,54,25,73,-66,67,9,-267,88,56 time: 23.65, learned: 1057601, props: 51284037, sat: False
c 55,54,-25,-73,-66,67,-9,267,-88,56 time: 1.28, learned: 102504, props: 5712481, sat: False
c -55,54,25,-73,-66,67,-9,-267,-88,56 time: 7.63, learned: 424799, props: 20778207, sat: False
c -55,-54,-25,-73,66,-67,-9,267,-88,-56 time: 1.83, learned: 118301, props: 6511401, sat: False
c -55,-54,-25,73,-66,67,-9,-267,-88,56 time: 7.75, learned: 409703, props: 20018341, sat: False
c -55,54,25,73,-66,-67,-9,-267,-88,-56 time: 4.6, learned: 268473, props: 13188381, sat: False
c -55,-54,25,73,-66,67,-9,-267,-88,-56 time: 4.57, learned: 259508, props: 13594991, sat: False
c 55,54,25,73,66,67,9,-267,88,-56 time: 27.01, learned: 1136978, props: 55579635, sat: False
c -55,54,-25,-73,-66,-67,9,267,-88,-56 time: 6.3, learned: 357984, props: 18350007, sat: False
c 55,54,-25,-73,66,67,9,-267,-88,-56 time: 13.18, learned: 653535, props: 32747791, sat: False
c -55,54,25,-73,66,67,9,-267,88,56 time: 15.35, learned: 712069, props: 34240102, sat: False
c 55,-54,25,73,66,-67,9,-267,-88,-56 time: 23.08, learned: 960242, props: 44795470, sat: False
c 55,54,-25,-73,66,-67,9,-267,-88,56 time: 3.48, learned: 209782, props: 11660028, sat: False
c 55,-54,-25,73,66,-67,-9,267,88,-56 time: 3.69, learned: 229128, props: 11802456, sat: False
c 55,54,-25,-73,66,67,9,267,88,56 time: 0.76, learned: 55567, props: 3479980, sat: False
c 55,-54,-25,73,-66,-67,-9,-267,-88,56 time: 4.3, learned: 252036, props: 13595016, sat: False
c 55,54,-25,-73,-66,-67,9,-267,88,56 time: 2.2, learned: 141989, props: 8000766, sat: False
c 55,-54,-25,-73,66,-67,9,267,-88,56 time: 5.14, learned: 295760, props: 14667605, sat: False
c -55,54,-25,73,-66,67,-9,-267,88,-56 time: 11.91, learned: 573442, props: 26536026, sat: False
c 55,54,25,73,66,-67,9,-267,88,56 time: 3.01, learned: 184573, props: 10799633, sat: False
c -55,54,-25,73,-66,-67,-9,267,-88,56 time: 3.21, learned: 209445, props: 10934472, sat: False
c -55,54,25,-73,66,-67,-9,-267,88,56 time: 10.96, learned: 529111, props: 26562652, sat: False
c -55,54,-25,-73,-66,-67,-9,-267,88,-56 time: 5.42, learned: 317394, props: 15510373, sat: False
c -55,54,25,73,66,-67,-9,267,88,-56 time: 6.1, learned: 321255, props: 15386879, sat: False
c -55,54,25,-73,-66,-67,-9,267,88,56 time: 7.26, learned: 395652, props: 19461278, sat: False
c -55,-54,25,-73,-66,67,-9,-267,-88,-56 time: 4.47, learned: 263694, props: 13582950, sat: False
c -55,54,-25,-73,66,-67,9,267,-88,56 time: 4.21, learned: 263820, props: 13405702, sat: False
c -55,-54,-25,-73,66,-67,9,267,-88,-56 time: 2.8, learned: 175353, props: 9194309, sat: False
c 55,54,-25,-73,66,67,9,-267,-88,56 time: 5.2, learned: 314509, props: 16027120, sat: False
c -55,-54,-25,-73,-66,-67,-9,267,-88,56 time: 4.63, learned: 278781, props: 14349302, sat: False
c 55,-54,-25,-73,-66,67,-9,-267,-88,56 time: 7.77, learned: 422752, props: 20589654, sat: False
c -55,54,-25,73,-66,-67,-9,-267,-88,56 time: 2.45, learned: 166150, props: 9243135, sat: False
c -55,54,25,73,-66,67,-9,267,-88,56 time: 2.99, learned: 181926, props: 9732678, sat: False
c -55,-54,25,73,66,-67,-9,267,88,-56 time: 1.95, learned: 134851, props: 7128668, sat: False
c -55,54,25,73,-66,-67,9,267,-88,-56 time: 8.47, learned: 433180, props: 21359250, sat: False
c -55,54,25,-73,-66,-67,9,-267,-88,-56 time: 6.3, learned: 342872, props: 17529406, sat: False
c -55,-54,25,73,66,67,9,267,-88,56 time: 1.31, learned: 101914, props: 5693437, sat: False
c -55,-54,-25,73,66,-67,9,267,88,56 time: 7.58, learned: 405279, props: 19566330, sat: False
c 55,54,-25,73,-66,-67,-9,267,-88,56 time: 2.19, learned: 148675, props: 8380372, sat: False
c -55,-54,25,73,66,-67,9,267,88,-56 time: 4.97, learned: 281880, props: 13652583, sat: False
c -55,54,25,73,66,67,9,-267,-88,56 time: 16.26, learned: 760239, props: 37120343, sat: False
c 55,-54,-25,-73,-66,67,9,-267,-88,-56 time: 16.05, learned: 707292, props: 33269812, sat: False
c 55,54,-25,73,-66,67,-9,267,88,-56 time: 4.88, learned: 307156, props: 15089193, sat: False
c 55,54,-25,-73,66,-67,9,-267,88,-56 time: 10.42, learned: 537892, props: 26436858, sat: False
c -55,54,25,-73,66,67,-9,267,88,-56 time: 1.93, learned: 133399, props: 7162421, sat: False
c 55,-54,25,-73,-66,-67,-9,267,-88,56 time: 4.64, learned: 285435, props: 14510074, sat: False
c 55,54,25,73,-66,67,9,-267,-88,56 time: 9.79, learned: 534537, props: 26881123, sat: False
c -55,-54,25,-73,-66,67,9,267,88,56 time: 12.54, learned: 587911, props: 28032868, sat: False
c 55,-54,-25,73,66,67,9,267,88,-56 time: 1.93, learned: 136492, props: 7374965, sat: False
c -55,-54,-25,73,66,-67,-9,-267,88,56 time: 11.36, learned: 548513, props: 26209238, sat: False
c 55,54,-25,-73,-66,67,9,-267,-88,-56 time: 12.6, learned: 608198, props: 29804878, sat: False
c -55,-54,-25,-73,-66,67,9,267,-88,56 time: 5.21, learned: 293748, props: 14747060, sat: False
c -55,54,25,-73,-66,67,-9,267,88,-56 time: 6.15, learned: 349552, props: 16067816, sat: False
c -55,54,-25,-73,-66,67,-9,267,-88,56 time: 1.96, learned: 128287, props: 6972136, sat: False
c 55,54,25,-73,66,-67,9,267,88,-56 time: 9.46, learned: 479112, props: 23063692, sat: False
c -55,-54,25,73,-66,67,-9,-267,88,-56 time: 7.13, learned: 384098, props: 19445528, sat: False
c 55,54,-25,73,-66,-67,-9,-267,-88,56 time: 1.2, learned: 84223, props: 4901797, sat: False
c -55,54,-25,73,-66,67,-9,-267,-88,56 time: 6.64, learned: 376185, props: 18677828, sat: False
c 55,-54,25,-73,-66,-67,9,267,-88,-56 time: 11.19, learned: 518845, props: 25893421, sat: False
c 55,-54,25,73,66,67,9,267,88,56 time: 3.67, learned: 241122, props: 12252667, sat: False
c -55,54,25,73,66,-67,9,267,88,56 time: 11.82, learned: 556197, props: 28484490, sat: False
c -55,-54,25,73,-66,67,9,-267,88,56 time: 33.03, learned: 1286707, props: 60619294, sat: False
c -55,-54,-25,73,66,67,-9,267,-88,56 time: 0.41, learned: 32403, props: 2186686, sat: False
c 55,-54,-25,73,66,-67,9,-267,-88,-56 time: 18.48, learned: 782231, props: 36979162, sat: False
c -55,-54,25,-73,-66,67,9,-267,-88,-56 time: 10.57, learned: 529057, props: 26532957, sat: False
c 55,-54,25,-73,66,-67,9,-267,-88,-56 time: 21.05, learned: 910329, props: 43768898, sat: False
c 55,54,-25,73,66,-67,9,-267,-88,-56 time: 13.79, learned: 676259, props: 32524388, sat: False
c 55,54,-25,73,-66,-67,9,267,88,-56 time: 10.02, learned: 504904, props: 24595715, sat: False
c 55,-54,-25,73,66,67,-9,267,88,56 time: 0.56, learned: 43978, props: 2778728, sat: False
c -55,-54,-25,73,-66,67,9,-267,-88,56 time: 13.45, learned: 615667, props: 28710571, sat: False
c 55,-54,25,73,66,-67,-9,-267,88,56 time: 3.33, learned: 208476, props: 10712270, sat: False
c 55,-54,-25,-73,66,67,9,-267,88,-56 time: 24.67, learned: 1016066, props: 47851296, sat: False
c -55,-54,25,-73,-66,67,-9,267,88,-56 time: 3.5, learned: 203945, props: 10581594, sat: False
c -55,-54,-25,-73,-66,67,9,267,88,-56 time: 6.05, learned: 327567, props: 16744707, sat: False
c -55,-54,-25,73,66,67,-9,267,88,-56 time: 1.08, learned: 76989, props: 4534765, sat: False
c -55,54,-25,-73,-66,67,9,267,88,-56 time: 8.84, learned: 432328, props: 21322999, sat: False
c 55,54,25,73,66,67,9,267,-88,56 time: 1.3, learned: 96925, props: 5580913, sat: False
c 55,54,25,-73,66,67,9,-267,88,-56 time: 29.37, learned: 1173231, props: 55807056, sat: False
c 55,54,25,-73,-66,67,-9,-267,88,-56 time: 11.19, learned: 546615, props: 25972873, sat: False
c 55,-54,-25,-73,66,67,-9,267,-88,56 time: 0.4, learned: 31579, props: 2077601, sat: False
c -55,-54,-25,-73,-66,-67,9,267,88,56 time: 12.05, learned: 562755, props: 28723988, sat: False
c -55,-54,-25,73,66,-67,9,-267,-88,56 time: 16.91, learned: 765991, props: 36327775, sat: False
c 55,-54,-25,-73,66,67,9,-267,-88,56 time: 7.7, learned: 424300, props: 20422155, sat: False
c 55,-54,25,73,66,-67,9,-267,88,56 time: 8.19, learned: 429221, props: 21154848, sat: False
c 55,54,25,73,66,-67,-9,267,88,56 time: 3.27, learned: 196660, props: 10851461, sat: False
c -55,54,25,-73,66,67,9,-267,-88,-56 time: 20.22, learned: 858401, props: 40329871, sat: False
c -55,-54,25,73,-66,-67,9,-267,88,56 time: 10.47, learned: 519111, props: 24774354, sat: False
c 55,-54,-25,-73,66,-67,9,-267,-88,-56 time: 17.64, learned: 792384, props: 38357828, sat: False
c -55,54,25,73,-66,-67,9,267,88,-56 time: 12.81, learned: 565985, props: 28841739, sat: False
c -55,-54,-25,-73,-66,-67,9,-267,88,-56 time: 7.56, learned: 392960, props: 18395401, sat: False
c 55,-54,-25,73,-66,-67,-9,-267,88,-56 time: 6.87, learned: 344615, props: 17139816, sat: False
c -55,-54,-25,-73,-66,67,9,-267,-88,56 time: 14.66, learned: 655919, props: 31705868, sat: False
c 55,54,25,-73,-66,67,-9,-267,-88,56 time: 4.29, learned: 275624, props: 14449113, sat: False
c -55,54,25,73,-66,-67,9,-267,88,-56 time: 9.58, learned: 491951, props: 23425953, sat: False
c 55,-54,-25,-73,-66,-67,-9,267,88,-56 time: 8.84, learned: 437544, props: 21018443, sat: False
c 55,54,25,73,-66,67,-9,-267,-88,56 time: 5.66, learned: 341744, props: 17353537, sat: False
c 55,-54,25,73,66,-67,-9,-267,-88,-56 time: 12.02, learned: 553654, props: 26563860, sat: False
c 55,54,-25,-73,-66,-67,-9,267,88,56 time: 1.85, learned: 129871, props: 7411606, sat: False
c -55,54,25,-73,-66,-67,-9,267,-88,56 time: 3.86, learned: 235075, props: 12378578, sat: False
c -55,54,25,-73,66,67,-9,267,-88,56 time: 0.57, learned: 40937, props: 2598256, sat: False
c 55,-54,25,-73,-66,-67,-9,267,-88,-56 time: 3.72, learned: 224637, props: 11453266, sat: False
c -55,-54,25,73,66,67,9,-267,88,-56 time: 19.18, learned: 828040, props: 40529734, sat: False
c 55,-54,-25,73,-66,-67,9,267,88,-56 time: 11.43, learned: 532667, props: 26740761, sat: False
c -55,54,-25,73,-66,67,-9,-267,-88,-56 time: 6.79, learned: 374065, props: 18041741, sat: False
c -55,54,25,73,66,-67,9,267,-88,-56 time: 6.71, learned: 371257, props: 17757067, sat: False
c -55,54,25,73,-66,67,9,-267,-88,56 time: 14.91, learned: 689367, props: 33422409, sat: False
c -55,54,25,-73,66,-67,9,267,88,56 time: 10.77, learned: 535620, props: 25489095, sat: False
c 55,54,25,-73,-66,-67,9,267,-88,56 time: 6.31, learned: 377456, props: 18391540, sat: False
c 55,54,25,-73,66,-67,-9,267,88,56 time: 3.05, learned: 184767, props: 10125750, sat: False
c -55,54,-25,-73,66,-67,9,267,88,-56 time: 8.01, learned: 418186, props: 20341706, sat: False
c -55,-54,25,-73,-66,67,9,-267,88,56 time: 37.75, learned: 1375581, props: 62102083, sat: False
c 55,54,25,-73,-66,67,-9,-267,-88,-56 time: 6.0, learned: 336866, props: 17244640, sat: False
c -55,-54,-25,73,-66,67,-9,-267,-88,-56 time: 2.73, learned: 178289, props: 9843549, sat: False
c -55,54,-25,73,-66,67,-9,267,-88,56 time: 2.43, learned: 154259, props: 8277663, sat: False
c 55,-54,25,73,-66,-67,9,267,-88,-56 time: 9.51, learned: 452833, props: 22141229, sat: False
c -55,54,25,73,66,67,-9,267,88,-56 time: 1.86, learned: 120915, props: 6628665, sat: False
c -55,54,-25,-73,-66,67,-9,-267,-88,-56 time: 4.92, learned: 276212, props: 14281942, sat: False
c -55,-54,25,73,-66,-67,9,-267,88,-56 time: 4.67, learned: 283315, props: 14989545, sat: False
c 55,54,-25,-73,-66,-67,-9,267,-88,-56 time: 3.75, learned: 239944, props: 12372357, sat: False
c -55,54,25,-73,-66,-67,-9,-267,-88,-56 time: 2.26, learned: 148617, props: 7948058, sat: False
c -55,-54,25,73,-66,67,-9,267,88,56 time: 4.46, learned: 263392, props: 13397167, sat: False
c -55,-54,25,73,66,67,9,-267,-88,-56 time: 12.26, learned: 558335, props: 27961952, sat: False
c -55,-54,25,-73,66,67,9,-267,-88,56 time: 12.94, learned: 592836, props: 28810927, sat: False
c 55,-54,25,-73,66,67,-9,-267,-88,-56 time: 9.99, learned: 475780, props: 23348229, sat: False
c 55,54,-25,-73,-66,-67,9,-267,-88,56 time: 1.63, learned: 105466, props: 6207918, sat: False
c 55,54,25,-73,-66,-67,9,-267,-88,-56 time: 3.51, learned: 230483, props: 12205434, sat: False
c -55,-54,25,-73,66,-67,9,-267,88,-56 time: 17.22, learned: 745329, props: 36008158, sat: False
c 55,-54,25,-73,66,-67,-9,267,88,-56 time: 3.73, learned: 218345, props: 11556888, sat: False
c 55,54,-25,-73,66,67,9,267,-88,56 time: 0.86, learned: 62092, props: 3676452, sat: False
c -55,-54,25,73,-66,67,9,267,88,56 time: 11.52, learned: 544937, props: 25029090, sat: False
c -55,-54,-25,-73,66,-67,-9,-267,88,56 time: 9.75, learned: 495873, props: 23670972, sat: False
c 55,-54,25,-73,66,67,9,267,-88,-56 time: 2.39, learned: 153616, props: 8413268, sat: False
c 55,54,25,73,-66,67,9,267,-88,-56 time: 5.99, learned: 331757, props: 16197633, sat: False
c 55,-54,25,73,66,67,9,267,-88,-56 time: 2.29, learned: 136903, props: 7389779, sat: False
c -55,-54,-25,73,-66,67,9,267,-88,-56 time: 2.15, learned: 131072, props: 7056867, sat: False
c 55,54,25,73,-66,67,9,267,-88,56 time: 4.91, learned: 284547, props: 14428696, sat: False
c -55,-54,25,73,66,67,9,-267,-88,56 time: 15.18, learned: 666910, props: 31739021, sat: False
c -55,54,25,73,-66,67,9,267,88,-56 time: 11.48, learned: 520348, props: 25452240, sat: False
c -55,54,25,73,66,67,-9,-267,88,-56 time: 15.92, learned: 675667, props: 32400974, sat: False
c -55,54,25,73,-66,67,9,267,-88,-56 time: 6.33, learned: 343189, props: 16346808, sat: False
c 55,-54,-25,-73,-66,-67,9,267,88,56 time: 10.9, learned: 518579, props: 25791163, sat: False
c -55,-54,-25,73,-66,-67,9,267,88,56 time: 11.15, learned: 497244, props: 23855605, sat: False
c -55,-54,-25,-73,-66,-67,9,-267,-88,-56 time: 3.05, learned: 192983, props: 9774743, sat: False
c 55,-54,25,-73,66,-67,9,-267,-88,56 time: 13.23, learned: 606641, props: 28616915, sat: False
c -55,-54,25,73,66,-67,9,-267,88,56 time: 29.35, learned: 1170346, props: 55957244, sat: False
c 55,-54,25,73,-66,-67,-9,-267,-88,-56 time: 3.15, learned: 185029, props: 10018057, sat: False
c 55,-54,-25,73,-66,-67,-9,267,-88,-56 time: 4.86, learned: 268331, props: 13743608, sat: False
c -55,54,25,73,-66,-67,-9,267,-88,-56 time: 4.95, learned: 266782, props: 13236981, sat: False
c 55,54,-25,-73,-66,-67,-9,-267,88,56 time: 1.34, learned: 86267, props: 5006836, sat: False
c 55,54,-25,-73,66,-67,-9,-267,-88,-56 time: 6.47, learned: 370447, props: 19095321, sat: False
c 55,-54,25,-73,-66,67,9,-267,88,56 time: 36.84, learned: 1368095, props: 64126997, sat: False
c 55,54,-25,73,-66,67,9,-267,-88,56 time: 8.78, learned: 473627, props: 22933222, sat: False
c -55,54,25,-73,-66,-67,-9,-267,-88,56 time: 2.52, learned: 169870, props: 9343626, sat: False
c 55,-54,25,73,-66,-67,-9,267,88,56 time: 5.42, learned: 311343, props: 15723849, sat: False
c 55,-54,-25,-73,66,67,-9,-267,-88,56 time: 3.18, learned: 209298, props: 11295720, sat: False
c -55,-54,25,-73,-66,67,-9,267,88,56 time: 7.7, learned: 420698, props: 19457893, sat: False
c 55,-54,25,73,-66,67,9,-267,-88,-56 time: 16.66, learned: 740703, props: 35374690, sat: False
c -55,54,25,-73,66,-67,-9,-267,-88,-56 time: 11.29, learned: 541218, props: 26225411, sat: False
c 55,54,-25,73,66,-67,-9,267,-88,56 time: 2.1, learned: 139782, props: 7955014, sat: False
c 55,-54,25,73,66,67,9,-267,-88,-56 time: 23.74, learned: 970505, props: 46452580, sat: False
c -55,-54,-25,73,-66,-67,9,267,88,-56 time: 7.02, learned: 375090, props: 18437496, sat: False
c 55,54,-25,73,66,67,9,-267,-88,-56 time: 15.24, learned: 761159, props: 35948470, sat: False
c 55,-54,-25,73,66,-67,9,267,-88,-56 time: 5.14, learned: 285800, props: 14801768, sat: False
c 55,54,-25,73,66,67,9,-267,-88,56 time: 6.58, learned: 395313, props: 19360991, sat: False
c 55,54,-25,-73,-66,67,-9,-267,88,56 time: 4.58, learned: 286302, props: 14668950, sat: False
c -55,54,-25,-73,-66,67,-9,267,-88,-56 time: 1.57, learned: 106781, props: 5775190, sat: False
c -55,-54,25,-73,66,-67,-9,267,88,56 time: 6.71, learned: 354912, props: 16903041, sat: False
c -55,-54,25,-73,-66,-67,-9,-267,-88,-56 time: 1.7, learned: 111293, props: 6177858, sat: False
c -55,-54,25,73,-66,-67,9,267,88,56 time: 13.18, learned: 588348, props: 27486850, sat: False
c 55,54,-25,73,-66,-67,-9,-267,88,56 time: 1.9, learned: 130134, props: 7296416, sat: False
c 55,54,25,73,-66,-67,9,-267,88,-56 time: 5.32, learned: 315505, props: 15337297, sat: False
c -55,54,-25,73,-66,-67,-9,-267,-88,-56 time: 2.49, learned: 162843, props: 8895394, sat: False
c -55,54,-25,73,66,-67,9,267,88,56 time: 7.49, learned: 385753, props: 19230653, sat: False
c 55,-54,-25,73,-66,-67,9,267,-88,-56 time: 7.69, learned: 400608, props: 19445202, sat: False
c 55,54,-25,73,66,-67,-9,267,88,-56 time: 4.23, learned: 243633, props: 12953517, sat: False
c -55,54,-25,73,66,67,9,-267,-88,-56 time: 13.61, learned: 623169, props: 30826837, sat: False
c -55,-54,-25,73,66,-67,-9,-267,-88,-56 time: 5.06, learned: 298054, props: 15115164, sat: False
c 55,54,25,73,66,67,-9,-267,-88,-56 time: 10.59, learned: 510489, props: 25517947, sat: False
c 55,-54,25,-73,66,67,-9,267,-88,-56 time: 0.95, learned: 72065, props: 4141023, sat: False
c 55,-54,-25,73,66,-67,-9,-267,88,56 time: 2.67, learned: 167483, props: 8986781, sat: False
c 55,-54,-25,-73,-66,-67,9,267,88,-56 time: 13.81, learned: 631322, props: 30624887, sat: False
c 55,-54,-25,-73,66,-67,-9,-267,-88,56 time: 4.69, learned: 294060, props: 13867263, sat: False
c -55,-54,-25,-73,66,-67,-9,-267,88,-56 time: 6.37, learned: 354495, props: 17817984, sat: False
c 55,54,25,-73,-66,67,9,-267,88,56 time: 11.32, learned: 570884, props: 28470201, sat: False
c -55,-54,-25,73,-66,-67,-9,-267,88,56 time: 6.69, learned: 362871, props: 18182353, sat: False
c 55,-54,-25,-73,66,67,9,267,-88,-56 time: 2.13, learned: 137885, props: 7513690, sat: False
c -55,-54,25,-73,-66,67,9,-267,88,-56 time: 19.84, learned: 872644, props: 41375177, sat: False
c -55,54,-25,73,-66,-67,-9,267,88,56 time: 5.95, learned: 354671, props: 17455788, sat: False
c 55,-54,-25,73,66,67,9,-267,-88,-56 time: 15.77, learned: 677105, props: 32533077, sat: False
c -55,54,-25,-73,66,67,-9,267,-88,56 time: 0.44, learned: 33405, props: 2216150, sat: False
c 55,54,25,-73,-66,-67,9,267,-88,-56 time: 9.72, learned: 487000, props: 23415192, sat: False
c -55,54,25,73,66,-67,9,267,88,-56 time: 10.86, learned: 500888, props: 25099738, sat: False
c 55,54,25,-73,-66,-67,-9,267,-88,56 time: 2.53, learned: 172528, props: 9418778, sat: False
c -55,54,25,73,-66,-67,-9,-267,88,56 time: 7.64, learned: 389339, props: 19013703, sat: False
c 55,54,25,-73,-66,-67,9,267,88,56 time: 7.87, learned: 421656, props: 20670478, sat: False
c 55,54,-25,-73,-66,67,9,267,-88,56 time: 2.91, learned: 185629, props: 10068681, sat: False
c 55,-54,-25,-73,-66,-67,9,-267,88,-56 time: 10.39, learned: 507587, props: 25267531, sat: False
c 55,54,25,-73,-66,67,-9,267,88,-56 time: 5.31, learned: 315043, props: 15391817, sat: False
c -55,54,-25,73,-66,-67,9,267,-88,-56 time: 6.53, learned: 341702, props: 16731340, sat: False
c -55,54,25,73,-66,-67,9,267,88,56 time: 14.49, learned: 646475, props: 30598985, sat: False
c 55,-54,25,-73,66,67,9,-267,88,56 time: 10.64, learned: 508766, props: 25230731, sat: False
c 55,54,-25,73,-66,-67,9,-267,88,-56 time: 6.5, learned: 354535, props: 17397823, sat: False
c 55,-54,25,-73,66,-67,-9,-267,88,56 time: 3.33, learned: 219200, props: 11221495, sat: False
c -55,-54,25,-73,66,67,-9,267,88,56 time: 1.26, learned: 94770, props: 5177560, sat: False
c 55,54,25,73,-66,-67,9,267,-88,-56 time: 7.98, learned: 411098, props: 20254538, sat: False
c 55,54,-25,-73,66,-67,-9,267,-88,56 time: 1.59, learned: 114308, props: 6543518, sat: False
c -55,54,-25,73,-66,67,9,-267,-88,-56 time: 10.53, learned: 507058, props: 24723004, sat: False
c -55,-54,25,-73,66,-67,9,-267,-88,56 time: 38.29, learned: 1370057, props: 63651056, sat: False
c -55,-54,-25,73,-66,67,-9,-267,88,-56 time: 7.35, learned: 372367, props: 18408511, sat: False
c -55,-54,25,-73,-66,67,9,267,88,-56 time: 9.98, learned: 481555, props: 21809538, sat: False
c -55,54,25,73,-66,67,-9,-267,88,56 time: 12.77, learned: 604913, props: 29576398, sat: False
c 55,-54,-25,73,66,-67,9,267,88,56 time: 7.04, learned: 369602, props: 17580051, sat: False
c -55,-54,-25,73,-66,-67,-9,-267,-88,56 time: 5.14, learned: 285187, props: 14223203, sat: False
c 55,54,-25,-73,66,67,9,-267,88,-56 time: 18.61, learned: 864754, props: 42768123, sat: False
c 55,54,-25,73,66,67,-9,267,-88,-56 time: 1.48, learned: 102249, props: 5743676, sat: False
c 55,54,-25,-73,-66,-67,9,267,-88,56 time: 3.84, learned: 243413, props: 13151021, sat: False
c 55,-54,25,73,-66,67,-9,267,-88,-56 time: 2.17, learned: 136979, props: 7633028, sat: False
c 55,54,25,-73,-66,-67,9,-267,88,-56 time: 5.81, learned: 328814, props: 16709550, sat: False
c 55,54,-25,73,66,-67,-9,267,-88,-56 time: 2.63, learned: 170302, props: 9079782, sat: False
c -55,-54,-25,73,66,67,9,-267,88,56 time: 11.75, learned: 559280, props: 27367359, sat: False
c 55,54,25,-73,-66,-67,-9,267,-88,-56 time: 3.36, learned: 211552, props: 11524075, sat: False
c 55,-54,-25,73,66,-67,9,-267,-88,56 time: 8.03, learned: 414636, props: 20806158, sat: False
c -55,54,25,-73,-66,67,-9,267,-88,56 time: 2.53, learned: 156951, props: 8574365, sat: False
c 55,54,25,-73,-66,67,9,267,-88,-56 time: 5.5, learned: 317011, props: 15787911, sat: False
c -55,-54,25,73,-66,67,9,267,-88,-56 time: 2.6, learned: 160956, props: 8480980, sat: False
c -55,-54,-25,-73,-66,-67,-9,-267,88,-56 time: 2.37, learned: 150193, props: 8439162, sat: False
c -55,54,-25,73,66,67,9,267,-88,56 time: 1.02, learned: 77803, props: 4596902, sat: False
c 55,-54,25,-73,66,67,9,-267,-88,-56 time: 19.3, learned: 823610, props: 40162649, sat: False
c -55,54,-25,-73,66,67,9,-267,88,56 time: 13.1, learned: 611808, props: 30800109, sat: False
c 55,54,25,-73,66,-67,9,267,-88,56 time: 3.69, learned: 240535, props: 12888034, sat: False
c 55,-54,-25,73,-66,-67,9,267,-88,56 time: 9.52, learned: 465934, props: 22237715, sat: False
c 55,-54,25,73,66,67,-9,-267,-88,-56 time: 9.29, learned: 445769, props: 22123414, sat: False
c -55,54,-25,73,66,67,9,-267,88,-56 time: 22.98, learned: 982932, props: 47538905, sat: False
c 55,-54,-25,-73,66,-67,9,267,88,-56 time: 8.01, learned: 410780, props: 20329096, sat: False
c -55,-54,-25,73,66,-67,9,-267,88,56 time: 20.22, learned: 851315, props: 40104102, sat: False
c -55,54,25,-73,66,-67,-9,267,88,56 time: 5.71, learned: 303052, props: 15162802, sat: False
c -55,54,25,-73,66,-67,9,267,-88,-56 time: 5.98, learned: 330261, props: 15729232, sat: False
c 55,54,25,73,-66,67,9,267,88,56 time: 7.88, learned: 426958, props: 21244533, sat: False
c 55,-54,-25,-73,-66,67,9,-267,88,56 time: 27.15, learned: 1127987, props: 52515052, sat: False
c 55,54,25,73,-66,67,9,-267,88,56 time: 12.44, learned: 602572, props: 29743692, sat: False
c 55,54,25,-73,66,-67,9,-267,88,56 time: 2.55, learned: 168976, props: 9459684, sat: False
c 55,54,-25,-73,66,67,-9,-267,-88,-56 time: 7.94, learned: 440351, props: 22337562, sat: False
c -55,-54,-25,73,-66,67,-9,267,88,56 time: 3.7, learned: 229381, props: 11301893, sat: False
c 55,-54,-25,73,-66,67,9,-267,-88,56 time: 16.64, learned: 729858, props: 35203020, sat: False
c 55,-54,-25,73,66,67,9,-267,88,-56 time: 30.31, learned: 1162893, props: 56545740, sat: False
c -55,54,25,-73,-66,67,-9,267,-88,-56 time: 1.99, learned: 138111, props: 7540882, sat: False
c -55,-54,-25,73,-66,67,9,267,88,-56 time: 3.99, learned: 240226, props: 12426458, sat: False
c 55,-54,-25,73,-66,-67,-9,267,-88,56 time: 3.6, learned: 227690, props: 11985314, sat: False
c 55,54,-25,-73,-66,-67,-9,-267,88,-56 time: 4.38, learned: 257134, props: 13582852, sat: False
c -55,-54,-25,73,-66,67,9,267,-88,56 time: 5.69, learned: 316163, props: 15065988, sat: False
c -55,54,25,-73,66,-67,-9,267,-88,-56 time: 2.93, learned: 190733, props: 9626487, sat: False
c 55,54,25,73,66,67,-9,267,-88,-56 time: 1.27, learned: 94684, props: 5455462, sat: False
c 55,-54,25,-73,-66,-67,-9,-267,-88,56 time: 3.99, learned: 247146, props: 13045619, sat: False
c 55,54,-25,73,-66,-67,-9,-267,-88,-56 time: 2.05, learned: 129530, props: 7344523, sat: False
c 55,-54,-25,-73,-66,-67,-9,267,88,56 time: 6.55, learned: 371262, props: 18648356, sat: False
c 55,-54,-25,-73,-66,67,9,267,88,56 time: 7.76, learned: 426074, props: 20845732, sat: False
c 55,-54,-25,-73,-66,67,9,267,-88,56 time: 4.34, learned: 260065, props: 13273196, sat: False
c -55,54,25,73,-66,67,-9,267,-88,-56 time: 1.95, learned: 125607, props: 6714206, sat: False
c 55,54,-25,73,66,-67,-9,267,88,56 time: 2.16, learned: 138667, props: 7764435, sat: False
c -55,54,-25,-73,-66,67,-9,-267,-88,56 time: 4.68, learned: 292407, props: 14846417, sat: False
c 55,-54,-25,73,-66,67,9,-267,88,56 time: 25.14, learned: 1041601, props: 49346411, sat: False
c -55,54,25,-73,66,67,-9,-267,88,-56 time: 16.73, learned: 707256, props: 33749927, sat: False
c 55,-54,25,-73,66,-67,-9,-267,-88,-56 time: 10.27, learned: 507058, props: 24948749, sat: False
c -55,54,25,73,66,-67,-9,-267,88,56 time: 14.0, learned: 655828, props: 31416260, sat: False
c -55,-54,25,73,66,67,-9,267,-88,56 time: 0.49, learned: 36586, props: 2458235, sat: False
c -55,54,-25,-73,66,67,9,267,88,-56 time: 1.92, learned: 130818, props: 7224641, sat: False
c 55,-54,-25,-73,-66,-67,-9,-267,-88,56 time: 3.14, learned: 205203, props: 10781560, sat: False
c -55,-54,25,73,-66,-67,9,267,-88,-56 time: 4.59, learned: 266397, props: 13328197, sat: False
c 55,54,25,73,-66,67,-9,267,-88,56 time: 2.22, learned: 153663, props: 8476915, sat: False
c -55,-54,25,-73,-66,-67,9,-267,-88,56 time: 7.29, learned: 386903, props: 18730254, sat: False
c 55,-54,25,73,66,67,-9,267,-88,56 time: 0.45, learned: 36267, props: 2333066, sat: False
c 55,54,25,73,-66,-67,-9,-267,-88,56 time: 1.31, learned: 102134, props: 5907342, sat: False
c -55,54,25,73,-66,67,9,267,88,56 time: 10.79, learned: 514487, props: 24563334, sat: False
c 55,54,25,-73,66,67,-9,267,-88,-56 time: 1.25, learned: 99198, props: 5595739, sat: False
c 55,-54,-25,73,-66,-67,9,267,88,56 time: 10.06, learned: 491413, props: 23821343, sat: False
c -55,-54,-25,73,66,67,9,-267,-88,-56 time: 9.88, learned: 472465, props: 22442730, sat: False
c 55,54,25,73,-66,67,-9,267,-88,-56 time: 2.59, learned: 155248, props: 8470238, sat: False
c -55,-54,-25,73,66,67,9,267,-88,-56 time: 0.67, learned: 48051, props: 3133225, sat: False
c -55,54,-25,-73,-66,67,9,267,-88,-56 time: 2.82, learned: 175745, props: 9516464, sat: False
c -55,54,25,-73,-66,67,-9,-267,-88,-56 time: 5.88, learned: 316217, props: 15551389, sat: False
c 55,54,25,73,-66,67,-9,-267,-88,-56 time: 7.41, learned: 390887, props: 19250641, sat: False
c -55,-54,-25,73,66,-67,-9,267,88,-56 time: 2.32, learned: 141851, props: 7563138, sat: False
c -55,54,-25,73,-66,-67,9,267,-88,56 time: 7.76, learned: 408435, props: 20010082, sat: False
c -55,-54,25,73,66,67,-9,267,88,56 time: 1.39, learned: 102240, props: 5540662, sat: False
c 55,54,-25,-73,66,67,-9,-267,-88,56 time: 1.88, learned: 125355, props: 7313163, sat: False
c -55,-54,25,73,66,-67,-9,267,-88,56 time: 3.29, learned: 204704, props: 10324212, sat: False
c -55,54,-25,-73,66,67,9,267,-88,56 time: 1.02, learned: 67286, props: 4162218, sat: False
c -55,-54,25,73,66,-67,-9,-267,-88,56 time: 15.98, learned: 723909, props: 32968872, sat: False
c 55,-54,25,-73,-66,67,-9,-267,-88,-56 time: 8.1, learned: 422062, props: 21074364, sat: False
c -55,54,25,-73,66,67,9,-267,88,-56 time: 27.37, learned: 1147570, props: 55925411, sat: False
c 55,-54,25,73,66,-67,-9,267,-88,-56 time: 2.27, learned: 152432, props: 8272522, sat: False
c 55,-54,25,-73,66,-67,9,-267,88,56 time: 8.64, learned: 435997, props: 22097950, sat: False
c 55,54,25,-73,66,67,-9,-267,-88,-56 time: 9.78, learned: 499685, props: 24638806, sat: False
c -55,54,-25,73,66,67,-9,-267,-88,56 time: 5.95, learned: 325720, props: 16387822, sat: False
c 55,54,-25,-73,-66,67,9,-267,-88,56 time: 5.59, learned: 347389, props: 17645073, sat: False
c -55,54,25,-73,66,-67,-9,267,88,-56 time: 6.16, learned: 329444, props: 16628752, sat: False
c -55,54,-25,73,66,-67,-9,267,88,56 time: 3.9, learned: 227630, props: 12387550, sat: False
c 55,54,25,73,-66,-67,9,-267,88,56 time: 3.67, learned: 233064, props: 12523177, sat: False
c -55,-54,-25,73,66,67,9,267,-88,56 time: 1.18, learned: 86373, props: 4795726, sat: False
c 55,-54,-25,-73,66,67,9,267,88,-56 time: 2.15, learned: 150183, props: 8521694, sat: False
c -55,54,-25,-73,-66,67,9,267,88,56 time: 6.54, learned: 364557, props: 18103040, sat: False
c -55,54,-25,-73,-66,67,-9,-267,88,-56 time: 11.39, learned: 539851, props: 26935085, sat: False
c 55,-54,-25,73,66,67,9,267,-88,-56 time: 1.75, learned: 120911, props: 6544229, sat: False
c -55,54,-25,-73,-66,-67,-9,-267,-88,-56 time: 2.31, learned: 156222, props: 8045497, sat: False
c 55,54,25,73,66,67,9,-267,-88,-56 time: 20.95, learned: 941226, props: 45213087, sat: False
c -55,54,25,-73,-66,67,9,-267,-88,-56 time: 15.42, learned: 670206, props: 31325648, sat: False
c -55,-54,25,-73,66,67,-9,267,-88,-56 time: 0.55, learned: 44968, props: 2864398, sat: False
c -55,-54,-25,73,-66,-67,9,-267,88,-56 time: 5.86, learned: 331472, props: 16838237, sat: False
c 55,-54,25,73,-66,67,-9,-267,88,-56 time: 10.93, learned: 527299, props: 26668525, sat: False
c 55,-54,25,-73,66,67,-9,-267,88,-56 time: 11.82, learned: 577944, props: 28169706, sat: False
c 55,54,25,-73,-66,-67,9,267,88,-56 time: 12.47, learned: 583994, props: 27933847, sat: False
c -55,-54,-25,-73,-66,67,-9,-267,88,-56 time: 9.7, learned: 479526, props: 23692405, sat: False
c -55,-54,25,73,66,67,-9,267,88,-56 time: 1.07, learned: 79321, props: 4642855, sat: False
c -55,54,25,73,66,-67,-9,-267,-88,56 time: 15.89, learned: 699642, props: 33061767, sat: False
c -55,54,-25,73,-66,-67,9,267,88,56 time: 9.7, learned: 479629, props: 23733614, sat: False
c 55,54,-25,-73,66,-67,-9,267,88,56 time: 1.7, learned: 113853, props: 6372218, sat: False
c -55,-54,25,-73,66,-67,9,-267,88,56 time: 34.39, learned: 1272740, props: 60862255, sat: False
c 55,-54,-25,73,66,-67,9,267,88,-56 time: 5.96, learned: 334778, props: 16610913, sat: False
c -55,-54,-25,-73,66,-67,9,-267,88,-56 time: 10.95, learned: 528323, props: 26783812, sat: False
c -55,-54,-25,73,-66,-67,-9,267,-88,56 time: 5.4, learned: 302259, props: 14890021, sat: False
c -55,54,25,73,66,-67,9,-267,88,-56 time: 22.73, learned: 957071, props: 46056440, sat: False
c 55,-54,-25,-73,-66,-67,9,-267,-88,-56 time: 8.19, learned: 402436, props: 20594872, sat: False
c -55,54,25,73,-66,-67,9,-267,88,56 time: 11.69, learned: 559620, props: 28682039, sat: False
c 55,-54,-25,73,-66,67,-9,-267,-88,56 time: 7.58, learned: 411028, props: 20414071, sat: False
c 55,54,-25,73,66,67,9,267,-88,-56 time: 2.47, learned: 159446, props: 8692833, sat: False
c 55,-54,25,73,-66,-67,9,-267,-88,-56 time: 7.44, learned: 393308, props: 18833164, sat: False
c -55,-54,25,73,-66,-67,-9,-267,88,56 time: 6.65, learned: 356896, props: 17741988, sat: False
c -55,-54,-25,73,-66,67,-9,-267,88,56 time: 12.66, learned: 574092, props: 27755483, sat: False
c -55,-54,25,73,66,67,-9,-267,88,56 time: 8.53, learned: 434916, props: 21494965, sat: False
c 55,-54,25,-73,-66,-67,-9,-267,88,-56 time: 5.96, learned: 341680, props: 16327901, sat: False
c 55,-54,25,-73,-66,67,9,-267,88,-56 time: 35.08, learned: 1276476, props: 60261245, sat: False
c -55,-54,25,-73,-66,67,-9,267,-88,56 time: 3.39, learned: 199842, props: 10212601, sat: False
c 55,-54,25,-73,66,-67,-9,-267,88,-56 time: 9.22, learned: 461330, props: 22021972, sat: False
c 55,54,-25,73,66,-67,-9,-267,88,-56 time: 10.46, learned: 522277, props: 25704339, sat: False
c 55,54,25,-73,-66,67,9,-267,-88,-56 time: 14.34, learned: 649910, props: 31069022, sat: False
c -55,54,25,73,66,67,9,267,-88,56 time: 1.87, learned: 124128, props: 7034403, sat: False
c 55,54,-25,73,-66,67,9,267,-88,56 time: 2.9, learned: 186871, props: 10186028, sat: False
c -55,-54,-25,73,66,-67,-9,267,-88,-56 time: 1.13, learned: 81253, props: 4911203, sat: False
c -55,-54,25,73,66,-67,9,-267,-88,-56 time: 14.4, learned: 631827, props: 30582666, sat: False
c 55,-54,-25,-73,-66,-67,-9,267,-88,56 time: 5.03, learned: 276488, props: 14053088, sat: False
c -55,54,-25,-73,66,67,-9,267,-88,-56 time: 0.6, learned: 43487, props: 2739989, sat: False
c -55,-54,-25,-73,-66,-67,9,267,88,-56 time: 8.87, learned: 453066, props: 22935839, sat: False
c 55,54,25,-73,66,-67,-9,-267,88,56 time: 1.91, learned: 125096, props: 7169382, sat: False
c -55,54,-25,73,-66,67,9,267,-88,56 time: 5.33, learned: 310282, props: 15109573, sat: False
c 55,54,25,73,66,67,9,267,88,-56 time: 3.74, learned: 240082, props: 12856764, sat: False
c -55,54,-25,73,66,-67,-9,-267,88,56 time: 12.08, learned: 577207, props: 27484493, sat: False
c 55,54,25,73,66,67,-9,-267,-88,56 time: 4.46, learned: 273332, props: 13940485, sat: False
c -55,-54,-25,73,66,67,-9,-267,-88,56 time: 5.14, learned: 298847, props: 14729982, sat: False
c 55,54,25,73,66,-67,-9,267,88,-56 time: 4.65, learned: 279614, props: 14261074, sat: False
c 55,54,25,-73,66,67,-9,267,-88,56 time: 0.52, learned: 39229, props: 2599792, sat: False
c 55,54,-25,-73,66,-67,-9,267,-88,-56 time: 2.46, learned: 152349, props: 8656600, sat: False
c 55,-54,25,73,-66,67,-9,267,-88,56 time: 2.35, learned: 157924, props: 8483069, sat: False
c -55,-54,25,73,66,-67,9,267,-88,-56 time: 2.98, learned: 187630, props: 9869291, sat: False
c -55,54,25,73,-66,67,9,-267,-88,-56 time: 13.48, learned: 591918, props: 28447921, sat: False
c -55,54,-25,73,66,67,9,-267,-88,56 time: 11.26, learned: 538317, props: 25977464, sat: False
c -55,54,-25,73,-66,67,-9,267,88,-56 time: 3.21, learned: 195564, props: 10120921, sat: False
c 55,54,25,73,-66,-67,-9,267,-88,-56 time: 4.09, learned: 241736, props: 12731598, sat: False
c 55,54,-25,73,66,-67,-9,-267,-88,56 time: 2.44, learned: 166074, props: 9488457, sat: False
c 55,54,-25,73,66,67,-9,267,-88,56 time: 0.49, learned: 37296, props: 2512636, sat: False
c -55,-54,-25,73,66,67,-9,-267,88,56 time: 8.23, learned: 425417, props: 20698390, sat: False
c 55,54,25,73,-66,67,9,-267,88,-56 time: 22.57, learned: 990525, props: 47243386, sat: False
c 55,54,-25,73,-66,67,9,-267,88,56 time: 12.32, learned: 614452, props: 30032467, sat: False
c 55,-54,-25,73,-66,-67,-9,-267,-88,-56 time: 4.15, learned: 240430, props: 13191427, sat: False
c -55,54,25,-73,-66,-67,9,-267,88,-56 time: 10.2, learned: 511122, props: 24706880, sat: False
c -55,54,25,73,66,67,-9,-267,-88,-56 time: 12.05, learned: 526328, props: 26360810, sat: False
c 55,-54,-25,73,-66,67,9,-267,88,-56 time: 22.1, learned: 942796, props: 43872640, sat: False
c 55,54,25,73,66,67,-9,267,-88,56 time: 0.67, learned: 46420, props: 3167824, sat: False
c -55,-54,25,-73,66,67,9,267,-88,56 time: 2.06, learned: 125383, props: 6809237, sat: False
c -55,54,-25,-73,-66,67,-9,267,88,-56 time: 5.42, learned: 292357, props: 14433347, sat: False
c 55,54,-25,-73,-66,67,-9,-267,88,-56 time: 11.23, learned: 567340, props: 27680608, sat: False
c -55,54,25,73,66,-67,-9,267,-88,-56 time: 3.28, learned: 195386, props: 9866629, sat: False
c -55,54,25,73,-66,-67,9,-267,-88,-56 time: 7.37, learned: 387016, props: 19170003, sat: False
c 55,54,-25,73,66,-67,9,267,88,56 time: 3.95, learned: 247442, props: 13232637, sat: False
c 55,54,25,73,-66,-67,-9,267,88,-56 time: 6.8, learned: 368679, props: 18077396, sat: False
c 55,-54,-25,73,66,-67,9,-267,88,-56 time: 16.6, learned: 756145, props: 37576239, sat: False
c -55,54,25,-73,66,67,9,267,88,56 time: 2.82, learned: 197661, props: 9994242, sat: False
c 55,-54,25,-73,-66,67,-9,267,-88,56 time: 2.72, learned: 171410, props: 9695721, sat: False
c -55,54,25,73,66,67,-9,267,-88,56 time: 0.7, learned: 51386, props: 3221727, sat: False
c 55,-54,-25,-73,-66,67,9,-267,88,-56 time: 33.85, learned: 1302749, props: 60565157, sat: False
c -55,-54,25,-73,-66,-67,9,267,88,56 time: 18.14, learned: 788154, props: 37460833, sat: False
c 55,54,-25,73,66,67,9,-267,88,-56 time: 20.02, learned: 864884, props: 43332310, sat: False
c 55,-54,25,73,-66,-67,-9,-267,-88,56 time: 3.65, learned: 223825, props: 11965321, sat: False
c -55,-54,-25,-73,-66,-67,-9,267,88,56 time: 8.07, learned: 412016, props: 19656297, sat: False
c 55,-54,-25,-73,66,67,9,267,88,56 time: 1.45, learned: 111829, props: 6279355, sat: False
c -55,-54,25,-73,-66,-67,9,-267,88,56 time: 10.76, learned: 517433, props: 25575966, sat: False
c 55,54,-25,-73,66,-67,-9,-267,88,56 time: 1.14, learned: 80540, props: 4951918, sat: False
c 55,-54,-25,-73,66,67,-9,-267,88,56 time: 3.14, learned: 184809, props: 10069011, sat: False
c -55,-54,25,-73,66,67,9,267,88,56 time: 3.16, learned: 190438, props: 9637237, sat: False
c -55,-54,25,73,-66,67,9,-267,88,-56 time: 15.26, learned: 700182, props: 33278150, sat: False
c -55,-54,-25,-73,-66,67,9,267,-88,-56 time: 3.03, learned: 174142, props: 9345368, sat: False
c -55,54,25,-73,-66,-67,-9,-267,88,56 time: 4.66, learned: 285169, props: 14376471, sat: False
c -55,54,-25,-73,-66,-67,9,267,-88,56 time: 6.02, learned: 336875, props: 17532663, sat: False
c -55,-54,-25,-73,66,67,-9,-267,-88,-56 time: 3.39, learned: 205018, props: 11083856, sat: False
c -55,-54,25,73,-66,67,-9,-267,-88,56 time: 9.7, learned: 470773, props: 22238846, sat: False
c -55,54,-25,73,66,67,-9,267,88,-56 time: 1.89, learned: 125159, props: 6802870, sat: False
c 55,54,-25,-73,66,67,9,267,88,-56 time: 4.1, learned: 246422, props: 12549732, sat: False
c -55,54,-25,73,-66,67,9,-267,88,56 time: 18.5, learned: 826947, props: 39824050, sat: False
c -55,-54,-25,73,66,-67,9,267,-88,-56 time: 1.72, learned: 112656, props: 6325063, sat: False
c -55,54,-25,-73,66,-67,9,-267,-88,56 time: 13.85, learned: 669782, props: 32324134, sat: False
c 55,-54,25,73,-66,67,9,267,-88,-56 time: 5.11, learned: 294687, props: 14111568, sat: False
c 55,54,25,-73,66,67,9,-267,-88,56 time: 7.63, learned: 403776, props: 20483400, sat: False
c 55,54,-25,-73,-66,67,-9,267,-88,-56 time: 2.26, learned: 136559, props: 7656722, sat: False
c 55,-54,-25,73,66,67,-9,267,-88,56 time: 0.44, learned: 34257, props: 2319600, sat: False
c -55,-54,25,-73,66,-67,9,267,-88,-56 time: 3.96, learned: 222566, props: 11616802, sat: False
c 55,-54,25,73,66,-67,-9,-267,88,-56 time: 10.34, learned: 481841, props: 23580996, sat: False
c -55,-54,-25,73,66,-67,-9,267,-88,56 time: 2.95, learned: 177492, props: 9507928, sat: False
c -55,-54,25,73,-66,67,9,-267,-88,56 time: 19.83, learned: 873061, props: 41075426, sat: False
c 55,-54,-25,-73,66,-67,9,267,-88,-56 time: 6.54, learned: 352243, props: 17016634, sat: False
c 55,54,-25,73,-66,-67,9,-267,88,56 time: 3.6, learned: 228590, props: 12294313, sat: False
c -55,-54,-25,73,66,-67,-9,267,88,56 time: 3.86, learned: 226449, props: 11997052, sat: False
c -55,54,-25,-73,-66,-67,9,-267,88,56 time: 7.43, learned: 402802, props: 20500370, sat: False
c 55,-54,25,-73,66,-67,9,-267,88,-56 time: 20.21, learned: 872132, props: 41158675, sat: False
c 55,54,25,-73,66,67,9,267,-88,56 time: 1.61, learned: 107668, props: 5931590, sat: False
c -55,54,-25,-73,66,-67,-9,267,-88,-56 time: 2.3, learned: 147139, props: 7858978, sat: False
c -55,-54,-25,-73,66,67,9,-267,88,-56 time: 12.24, learned: 559992, props: 28520701, sat: False
c -55,54,-25,-73,66,67,-9,-267,88,56 time: 6.43, learned: 348242, props: 17916473, sat: False
c 55,-54,25,73,-66,-67,-9,-267,88,56 time: 5.11, learned: 300038, props: 15213891, sat: False
c 55,54,25,73,-66,-67,9,267,88,56 time: 8.95, learned: 445532, props: 22476178, sat: False
c 55,54,-25,-73,-66,-67,9,267,88,56 time: 5.16, learned: 305860, props: 16150766, sat: False
c 55,-54,25,73,66,-67,9,267,-88,56 time: 8.77, learned: 443517, props: 21148264, sat: False
c -55,-54,-25,-73,-66,-67,9,-267,88,56 time: 10.59, learned: 492022, props: 24285107, sat: False
c -55,-54,-25,-73,-66,-67,-9,-267,-88,-56 time: 1.49, learned: 112170, props: 6137781, sat: False
c 55,-54,-25,73,-66,-67,-9,267,88,56 time: 5.02, learned: 301338, props: 14925197, sat: False
c -55,54,-25,-73,66,-67,-9,267,88,56 time: 2.65, learned: 171067, props: 9342561, sat: False
c 55,54,25,73,66,-67,9,-267,-88,56 time: 9.66, learned: 483556, props: 24357169, sat: False
c -55,-54,25,73,-66,-67,-9,-267,-88,-56 time: 2.14, learned: 140078, props: 7636167, sat: False
c -55,-54,-25,-73,66,67,9,-267,-88,56 time: 9.86, learned: 483254, props: 23320550, sat: False
c 55,54,25,73,-66,-67,-9,-267,-88,-56 time: 1.98, learned: 126488, props: 7232937, sat: False
c 55,54,25,73,-66,67,-9,-267,88,-56 time: 10.47, learned: 513444, props: 25597418, sat: False
c 55,-54,-25,73,-66,-67,9,-267,-88,56 time: 8.61, learned: 443957, props: 21475684, sat: False
c -55,54,25,-73,66,67,9,267,-88,56 time: 1.94, learned: 134560, props: 7254880, sat: False
c -55,54,-25,-73,-66,-67,-9,267,-88,-56 time: 2.53, learned: 162746, props: 8547720, sat: False
c 55,-54,-25,73,-66,67,-9,-267,-88,-56 time: 8.65, learned: 424833, props: 20536870, sat: False
c 55,54,25,-73,66,67,9,267,88,56 time: 1.74, learned: 127234, props: 7113533, sat: False
c 55,-54,25,73,66,-67,-9,267,88,56 time: 4.04, learned: 262313, props: 13249022, sat: False
c 55,54,25,73,-66,-67,9,-267,-88,-56 time: 4.06, learned: 268140, props: 13318877, sat: False
c -55,-54,25,73,66,67,-9,-267,-88,-56 time: 5.29, learned: 298954, props: 15378114, sat: False
c -55,-54,25,-73,-66,-67,9,-267,-88,-56 time: 5.17, learned: 306896, props: 15048304, sat: False
c 55,-54,-25,-73,66,67,-9,-267,88,-56 time: 12.32, learned: 588710, props: 28441455, sat: False
c 55,-54,-25,73,-66,67,-9,267,-88,56 time: 1.92, learned: 133894, props: 7163665, sat: False
c -55,-54,-25,73,-66,67,-9,267,-88,56 time: 1.17, learned: 79770, props: 4946017, sat: False
c -55,-54,-25,73,-66,-67,-9,267,88,-56 time: 2.35, learned: 160474, props: 8759270, sat: False
c 55,54,-25,73,-66,67,-9,-267,88,56 time: 7.16, learned: 412519, props: 20086579, sat: False
c -55,54,-25,-73,-66,-67,-9,267,-88,56 time: 2.35, learned: 153970, props: 8638304, sat: False
c -55,-54,-25,-73,66,-67,9,-267,-88,56 time: 23.7, learned: 1038129, props: 49351807, sat: False
c 55,54,-25,-73,66,67,-9,267,-88,56 time: 0.41, learned: 33288, props: 2197112, sat: False
c 55,54,25,73,-66,-67,9,267,88,-56 time: 10.9, learned: 516540, props: 24716374, sat: False
c 55,54,25,-73,-66,-67,-9,267,88,56 time: 3.3, learned: 219336, props: 11562731, sat: False
c -55,54,25,-73,-66,67,-9,-267,88,-56 time: 14.8, learned: 701319, props: 32034675, sat: False
c -55,54,25,-73,66,-67,9,-267,88,56 time: 27.04, learned: 1134896, props: 53509018, sat: False
c 55,-54,25,73,-66,67,9,-267,88,-56 time: 26.88, learned: 1083445, props: 50141798, sat: False
c 55,-54,-25,-73,66,67,-9,267,88,-56 time: 1.55, learned: 112812, props: 5911581, sat: False
c 55,-54,25,-73,66,67,-9,267,88,56 time: 0.84, learned: 64810, props: 3960212, sat: False
c 55,54,25,-73,66,-67,-9,267,-88,-56 time: 2.77, learned: 179659, props: 9570703, sat: False
c -55,-54,-25,-73,66,67,9,267,88,56 time: 1.89, learned: 129365, props: 6956166, sat: False
c 55,54,25,-73,66,-67,-9,267,-88,56 time: 2.12, learned: 137557, props: 7701675, sat: False
c 55,54,25,73,-66,-67,-9,-267,88,56 time: 1.71, learned: 118427, props: 6808268, sat: False
c -55,-54,-25,-73,66,67,9,267,-88,56 time: 1.31, learned: 91616, props: 5103428, sat: False
c -55,54,-25,-73,66,-67,-9,-267,88,56 time: 7.92, learned: 421741, props: 21243058, sat: False
c -55,54,-25,-73,66,67,9,267,-88,-56 time: 1.04, learned: 78418, props: 4496051, sat: False
c -55,-54,25,73,-66,-67,-9,267,-88,-56 time: 2.45, learned: 144897, props: 7801459, sat: False
c -55,-54,25,-73,66,67,9,-267,-88,-56 time: 12.45, learned: 577917, props: 28664469, sat: False
c 55,54,-25,73,66,-67,9,267,88,-56 time: 7.71, learned: 413933, props: 20646411, sat: False
c 55,-54,25,73,-66,-67,-9,267,-88,-56 time: 3.98, learned: 231036, props: 12078710, sat: False
c -55,-54,-25,73,-66,-67,-9,-267,-88,-56 time: 2.13, learned: 133196, props: 7228463, sat: False
c 55,54,25,73,66,67,9,267,-88,-56 time: 3.1, learned: 186770, props: 10008320, sat: False
c -55,54,-25,-73,66,-67,9,267,-88,-56 time: 4.12, learned: 252767, props: 13023540, sat: False
c -55,-54,-25,-73,-66,67,9,-267,88,-56 time: 13.96, learned: 667122, props: 32451626, sat: False
c 55,-54,-25,73,-66,67,-9,-267,88,56 time: 11.44, learned: 555292, props: 27357174, sat: False
c -55,-54,-25,73,-66,-67,9,-267,88,56 time: 11.18, learned: 532304, props: 25215600, sat: False
c -55,54,-25,-73,66,67,9,-267,-88,-56 time: 12.36, learned: 596904, props: 29580177, sat: False
c 55,54,-25,73,-66,67,-9,267,88,56 time: 2.09, learned: 131389, props: 7324256, sat: False
c 55,-54,-25,-73,66,67,9,-267,88,56 time: 8.66, learned: 434112, props: 20336193, sat: False
c -55,-54,-25,-73,66,-67,9,-267,88,56 time: 18.93, learned: 870992, props: 42767877, sat: False
c -55,54,25,73,66,67,-9,-267,88,56 time: 11.38, learned: 550503, props: 27350933, sat: False
c -55,-54,25,-73,66,-67,-9,267,-88,-56 time: 2.0, learned: 125931, props: 6858331, sat: False
c 55,-54,25,-73,-66,67,-9,267,-88,-56 time: 3.06, learned: 200269, props: 9990760, sat: False
c 55,-54,-25,73,-66,67,9,267,88,-56 time: 7.46, learned: 402981, props: 19263148, sat: False
c 55,-54,-25,-73,66,-67,9,-267,88,-56 time: 14.79, learned: 680170, props: 33719514, sat: False
c -55,54,25,73,66,-67,-9,267,-88,56 time: 3.22, learned: 201174, props: 10649675, sat: False
c 55,54,-25,73,66,67,-9,267,88,-56 time: 1.99, learned: 132106, props: 7170081, sat: False
c -55,54,25,-73,66,-67,9,-267,88,-56 time: 24.19, learned: 1048038, props: 48087513, sat: False
c 55,-54,25,73,66,67,-9,-267,-88,56 time: 4.77, learned: 293113, props: 14802078, sat: False
c -55,-54,-25,-73,-66,67,9,-267,88,56 time: 31.42, learned: 1235210, props: 58054713, sat: False
c 55,54,25,73,66,-67,9,267,88,56 time: 5.07, learned: 303915, props: 15946831, sat: False
c -55,54,25,73,66,-67,-9,-267,-88,-56 time: 12.8, learned: 563465, props: 27068566, sat: False
c -55,-54,25,73,-66,-67,-9,-267,88,-56 time: 3.64, learned: 224513, props: 11723954, sat: False
c 55,54,25,-73,-66,-67,9,-267,88,56 time: 2.87, learned: 189174, props: 10252874, sat: False
c 55,-54,-25,73,-66,67,-9,267,-88,-56 time: 2.14, learned: 146963, props: 7650920, sat: False
c -55,-54,-25,-73,66,-67,-9,-267,-88,-56 time: 5.82, learned: 341721, props: 17367483, sat: False
c -55,-54,25,-73,66,-67,9,-267,-88,-56 time: 14.97, learned: 716441, props: 33339043, sat: False
c 55,54,25,73,66,67,-9,267,88,56 time: 0.73, learned: 58316, props: 3651373, sat: False
c -55,54,-25,73,-66,67,9,267,88,56 time: 7.12, learned: 391525, props: 18936310, sat: False
c 55,-54,25,-73,66,-67,9,267,88,56 time: 10.89, learned: 507449, props: 24939783, sat: False
c -55,-54,25,-73,66,67,-9,267,88,-56 time: 1.46, learned: 101905, props: 5559497, sat: False
c 55,54,25,73,-66,67,9,-267,-88,-56 time: 11.58, learned: 571888, props: 28080533, sat: False
c 55,54,25,-73,66,67,-9,-267,88,-56 time: 11.66, learned: 555557, props: 28814828, sat: False
c -55,54,-25,73,-66,67,-9,267,-88,-56 time: 2.06, learned: 134786, props: 7061830, sat: False
c 55,54,-25,-73,66,-67,9,-267,88,56 time: 2.38, learned: 165258, props: 8970343, sat: False
c -55,54,-25,-73,66,-67,9,-267,88,56 time: 13.9, learned: 637931, props: 31027993, sat: False
c 55,54,-25,73,-66,67,9,-267,-88,-56 time: 11.5, learned: 560919, props: 26515044, sat: False
c 55,-54,-25,-73,66,-67,-9,267,-88,-56 time: 2.58, learned: 159193, props: 8915225, sat: False
c 55,-54,25,73,66,67,9,-267,88,-56 time: 31.2, learned: 1187274, props: 58786014, sat: False
c 55,54,-25,-73,-66,67,9,267,-88,-56 time: 6.11, learned: 333644, props: 16596519, sat: False
c 55,54,-25,73,-66,-67,-9,267,-88,-56 time: 3.38, learned: 208386, props: 11193577, sat: False
c 55,54,-25,73,-66,-67,-9,267,88,56 time: 2.8, learned: 186842, props: 10252643, sat: False
c -55,54,25,-73,66,67,9,267,-88,-56 time: 2.29, learned: 151923, props: 8276846, sat: False
c 55,-54,-25,-73,66,67,-9,267,88,56 time: 0.47, learned: 40393, props: 2629294, sat: False
c -55,54,-25,73,66,67,9,267,-88,-56 time: 1.8, learned: 114769, props: 6134440, sat: False
c -55,54,-25,73,66,-67,9,-267,88,-56 time: 15.26, learned: 695712, props: 33695499, sat: False
c 55,-54,25,-73,66,-67,-9,-267,-88,56 time: 5.55, learned: 311483, props: 15580193, sat: False
c -55,54,25,73,-66,67,-9,-267,88,-56 time: 13.86, learned: 608252, props: 28801969, sat: False
c 55,54,-25,-73,-66,67,-9,267,88,-56 time: 4.53, learned: 270394, props: 14065500, sat: False
c 55,54,-25,73,-66,67,9,-267,88,-56 time: 23.15, learned: 977644, props: 46706439, sat: False
c 55,-54,-25,73,66,-67,-9,-267,-88,56 time: 6.27, learned: 354844, props: 16865864, sat: False
c 55,54,-25,-73,66,67,-9,-267,88,-56 time: 11.36, learned: 538457, props: 26783085, sat: False
c -55,54,25,-73,66,67,9,-267,-88,56 time: 13.01, learned: 633608, props: 30437357, sat: False
c 55,-54,25,-73,-66,-67,9,-267,88,56 time: 9.73, learned: 487186, props: 23596304, sat: False
c 55,54,-25,-73,-66,-67,-9,267,88,-56 time: 5.55, learned: 315540, props: 15432944, sat: False
c -55,54,-25,73,66,67,9,-267,88,56 time: 14.49, learned: 672269, props: 32457545, sat: False
c 55,-54,25,73,66,-67,9,267,88,-56 time: 8.76, learned: 411931, props: 20019026, sat: False
c -55,54,-25,73,-66,67,9,-267,-88,56 time: 12.39, learned: 601207, props: 29231860, sat: False
c -55,-54,-25,-73,-66,67,-9,267,88,-56 time: 2.9, learned: 183711, props: 9912739, sat: False
c -55,-54,-25,-73,66,-67,9,-267,-88,-56 time: 11.22, learned: 539524, props: 26771339, sat: False
c -55,-54,-25,-73,66,-67,9,267,88,-56 time: 3.88, learned: 247471, props: 12958404, sat: False
c -55,-54,25,73,-66,67,-9,267,-88,56 time: 2.74, learned: 174338, props: 8987270, sat: False
c 55,-54,-25,73,-66,67,-9,267,88,-56 time: 4.2, learned: 267344, props: 13022463, sat: False
c 55,-54,-25,73,-66,67,-9,-267,88,-56 time: 13.05, learned: 609805, props: 28574214, sat: False
c 55,-54,25,73,66,67,-9,267,-88,-56 time: 1.14, learned: 82710, props: 4697435, sat: False
c 55,-54,25,73,-66,67,9,267,88,56 time: 8.47, learned: 435122, props: 21823854, sat: False
c -55,54,25,-73,66,67,-9,-267,88,56 time: 9.83, learned: 479187, props: 23141481, sat: False
c -55,54,25,73,66,67,9,-267,88,56 time: 21.48, learned: 936536, props: 44204859, sat: False
c -55,-54,25,73,66,67,-9,-267,88,-56 time: 8.64, learned: 423309, props: 20845640, sat: False
c -55,-54,-25,-73,66,-67,9,267,88,56 time: 9.38, learned: 476311, props: 22287906, sat: False
c -55,-54,25,-73,-66,67,-9,-267,88,-56 time: 10.13, learned: 498057, props: 24835929, sat: False
c 55,-54,-25,-73,-66,67,-9,-267,88,-56 time: 13.76, learned: 653893, props: 31594410, sat: False
c -55,54,25,73,-66,67,-9,267,88,-56 time: 5.48, learned: 284828, props: 14364683, sat: False
c -55,54,-25,-73,-66,-67,9,-267,-88,-56 time: 3.87, learned: 241871, props: 12868930, sat: False
c -55,54,-25,-73,-66,67,9,267,-88,56 time: 3.23, learned: 208119, props: 11048835, sat: False
c 55,54,25,-73,-66,-67,-9,267,88,-56 time: 7.46, learned: 393284, props: 18875310, sat: False
c -55,-54,25,-73,-66,67,-9,-267,88,56 time: 13.84, learned: 631004, props: 30467665, sat: False
c -55,-54,25,73,66,-67,9,-267,-88,56 time: 42.97, learned: 1457073, props: 66802146, sat: False
c 55,54,-25,-73,-66,-67,9,-267,-88,-56 time: 3.56, learned: 225529, props: 11715211, sat: False
c -55,54,25,73,66,-67,9,-267,-88,-56 time: 33.21, learned: 1227776, props: 55329613, sat: False
c 55,-54,-25,-73,66,67,9,-267,-88,-56 time: 13.31, learned: 623461, props: 31110526, sat: False
c 55,54,-25,73,66,-67,9,-267,88,-56 time: 14.34, learned: 678884, props: 32082737, sat: False
c 55,54,25,73,-66,-67,-9,-267,88,-56 time: 2.67, learned: 172991, props: 9224642, sat: False
c 55,-54,25,73,66,67,9,-267,88,56 time: 8.48, learned: 439587, props: 20616707, sat: False
c 55,54,25,73,66,67,9,267,88,56 time: 2.23, learned: 157957, props: 8615155, sat: False
c -55,54,25,-73,66,-67,-9,-267,88,-56 time: 13.25, learned: 569371, props: 27274242, sat: False
c -55,54,25,73,-66,-67,9,267,-88,56 time: 12.31, learned: 575834, props: 27746679, sat: False
c -55,-54,-25,-73,-66,67,-9,-267,-88,-56 time: 3.83, learned: 211349, props: 11302975, sat: False
c 55,54,25,-73,66,67,-9,-267,88,56 time: 4.2, learned: 237577, props: 12706365, sat: False
c 55,-54,-25,-73,-66,-67,-9,-267,88,-56 time: 6.69, learned: 346410, props: 17597829, sat: False
c 55,-54,25,73,66,-67,-9,-267,-88,56 time: 5.38, learned: 309435, props: 15840036, sat: False
c -55,54,-25,73,-66,-67,9,-267,88,56 time: 10.29, learned: 499760, props: 24002707, sat: False
c -55,-54,25,73,-66,-67,-9,267,-88,56 time: 5.76, learned: 306681, props: 14722332, sat: False
c -55,54,25,73,-66,67,-9,267,88,56 time: 5.8, learned: 319873, props: 15798543, sat: False
c -55,-54,-25,-73,66,-67,-9,-267,-88,56 time: 10.75, learned: 496536, props: 25147174, sat: False
c 55,-54,25,-73,66,-67,9,267,-88,-56 time: 8.17, learned: 417681, props: 19993076, sat: False
c -55,54,25,-73,66,-67,9,267,88,-56 time: 10.79, learned: 495322, props: 23960504, sat: False
c 55,-54,25,73,-66,-67,-9,267,-88,56 time: 3.62, learned: 226843, props: 11732959, sat: False
c -55,-54,25,-73,66,67,-9,-267,-88,56 time: 7.25, learned: 387212, props: 18825209, sat: False
c 55,54,-25,73,66,67,-9,-267,-88,-56 time: 8.66, learned: 465960, props: 22297298, sat: False
c 55,54,25,-73,66,67,9,-267,88,56 time: 8.99, learned: 452124, props: 21844071, sat: False
c 55,-54,25,73,-66,67,-9,-267,88,56 time: 11.35, learned: 543720, props: 27053453, sat: False
c -55,54,-25,-73,-66,-67,9,267,88,56 time: 10.47, learned: 510171, props: 25252509, sat: False
c 55,54,25,73,-66,-67,-9,267,88,56 time: 4.23, learned: 265345, props: 13644902, sat: False
c 55,-54,25,-73,66,67,9,267,-88,56 time: 1.99, learned: 131995, props: 7201638, sat: False
c 55,54,25,-73,66,-67,-9,-267,-88,56 time: 2.64, learned: 169042, props: 9363808, sat: False
c 55,-54,-25,-73,-66,-67,-9,267,-88,-56 time: 4.55, learned: 274376, props: 14127935, sat: False
c -55,-54,-25,73,-66,-67,-9,267,-88,-56 time: 2.01, learned: 121208, props: 6739193, sat: False
c 55,-54,-25,73,66,-67,-9,267,-88,56 time: 3.08, learned: 196478, props: 10474130, sat: False
c -55,-54,25,73,-66,67,9,267,-88,56 time: 7.65, learned: 401282, props: 19447841, sat: False
c 55,54,-25,-73,66,-67,-9,267,88,-56 time: 3.58, learned: 227520, props: 12430862, sat: False
c 55,-54,25,-73,-66,67,9,-267,-88,-56 time: 18.52, learned: 813670, props: 39371545, sat: False
c 55,54,-25,-73,66,-67,9,267,88,56 time: 2.84, learned: 169783, props: 9284137, sat: False
c 55,-54,-25,-73,66,-67,-9,267,88,56 time: 2.76, learned: 181528, props: 9907637, sat: False
c -55,-54,25,-73,66,-67,9,267,-88,56 time: 9.48, learned: 457638, props: 21768875, sat: False
c 55,-54,25,-73,66,67,9,267,88,56 time: 2.0, learned: 139875, props: 7813957, sat: False
c -55,-54,25,73,-66,67,-9,-267,88,56 time: 14.41, learned: 646423, props: 31491893, sat: False
c 55,-54,-25,73,66,67,9,267,88,56 time: 1.87, learned: 123215, props: 6651575, sat: False
c -55,-54,25,-73,-66,-67,-9,267,-88,-56 time: 2.15, learned: 142292, props: 7745834, sat: False
c -55,54,25,73,66,67,9,-267,88,-56 time: 39.05, learned: 1362078, props: 64095823, sat: False
c -55,-54,25,73,66,-67,-9,-267,-88,-56 time: 6.69, learned: 358836, props: 18101656, sat: False
c -55,-54,25,-73,-66,-67,-9,-267,88,56 time: 5.62, learned: 322022, props: 15763311, sat: False
c 55,-54,-25,-73,66,-67,9,267,88,56 time: 8.61, learned: 391103, props: 20023914, sat: False
c -55,54,25,73,-66,67,-9,-267,-88,-56 time: 7.44, learned: 386036, props: 18549676, sat: False
c 55,-54,-25,73,66,-67,-9,267,88,56 time: 2.93, learned: 175625, props: 9547080, sat: False
c -55,-54,-25,-73,-66,67,-9,-267,-88,56 time: 8.1, learned: 404223, props: 20297165, sat: False
c -55,-54,25,73,-66,-67,9,-267,-88,56 time: 8.33, learned: 426210, props: 20793631, sat: False
c -55,-54,25,-73,-66,-67,-9,-267,88,-56 time: 3.59, learned: 209928, props: 11030964, sat: False
c 55,54,-25,73,-66,67,-9,267,-88,-56 time: 2.31, learned: 154835, props: 8399313, sat: False
c -55,-54,-25,-73,66,-67,-9,267,-88,56 time: 2.99, learned: 187488, props: 9828759, sat: False
c -55,54,25,-73,66,-67,-9,-267,-88,56 time: 11.68, learned: 532817, props: 26836317, sat: False
c -55,54,-25,-73,66,67,-9,-267,-88,-56 time: 6.22, learned: 345176, props: 17885823, sat: False
c -55,-54,-25,73,66,-67,9,267,-88,56 time: 4.39, learned: 275913, props: 13474997, sat: False
c 55,-54,25,73,-66,67,-9,267,88,-56 time: 4.68, learned: 284234, props: 13665474, sat: False
c -55,-54,25,-73,66,-67,-9,267,88,-56 time: 3.71, learned: 218511, props: 11009013, sat: False
c -55,54,-25,73,-66,-67,9,267,88,-56 time: 8.18, learned: 413656, props: 21556311, sat: False
c 55,54,25,-73,-66,-67,-9,-267,88,56 time: 1.66, learned: 118494, props: 6751501, sat: False
c -55,54,25,73,66,-67,9,267,-88,56 time: 9.44, learned: 468099, props: 22365771, sat: False
c 55,-54,25,73,66,67,-9,267,88,56 time: 0.8, learned: 69438, props: 4153244, sat: False
c -55,54,25,-73,-66,67,9,267,88,56 time: 8.9, learned: 446817, props: 21565167, sat: False
c -55,-54,25,73,-66,-67,9,-267,-88,-56 time: 4.25, learned: 257164, props: 13001721, sat: False
c 55,54,25,73,-66,-67,-9,267,-88,56 time: 3.29, learned: 210022, props: 11349245, sat: False
c 55,54,-25,73,-66,-67,9,-267,-88,-56 time: 3.6, learned: 203347, props: 11096226, sat: False
c 55,54,-25,73,66,67,-9,-267,88,56 time: 3.18, learned: 203052, props: 10616132, sat: False
c -55,54,-25,73,66,67,-9,-267,88,-56 time: 13.12, learned: 570794, props: 28093441, sat: False
c 55,-54,-25,73,66,67,-9,267,88,-56 time: 1.5, learned: 109638, props: 5932061, sat: False
c -55,54,-25,73,-66,67,9,-267,88,-56 time: 21.7, learned: 910730, props: 42374334, sat: False
c 55,54,-25,-73,66,-67,9,267,-88,-56 time: 5.04, learned: 305183, props: 15396525, sat: False
c 55,-54,-25,-73,66,67,-9,267,-88,-56 time: 0.7, learned: 50694, props: 3229591, sat: False
c 55,-54,25,73,-66,-67,9,-267,-88,56 time: 8.99, learned: 464195, props: 22949878, sat: False
c 55,-54,25,-73,-66,-67,9,267,88,56 time: 12.53, learned: 565670, props: 27386039, sat: False
c 55,54,-25,-73,-66,67,-9,267,88,56 time: 1.8, learned: 115977, props: 6449908, sat: False
c 55,-54,-25,73,66,-67,-9,-267,88,-56 time: 10.15, learned: 488224, props: 23467238, sat: False
c 55,54,-25,-73,66,-67,9,267,88,-56 time: 6.79, learned: 368808, props: 18188297, sat: False
c -55,54,-25,73,66,67,-9,-267,88,56 time: 7.36, learned: 393063, props: 19089265, sat: False
c -55,-54,-25,73,66,67,9,267,88,-56 time: 1.96, learned: 122547, props: 6800847, sat: False
c 55,-54,25,73,-66,-67,-9,-267,88,-56 time: 5.7, learned: 302709, props: 15021032, sat: False
c -55,-54,25,-73,66,67,9,-267,88,56 time: 19.29, learned: 812564, props: 38823429, sat: False
c 55,54,-25,73,66,67,9,267,88,-56 time: 3.7, learned: 235844, props: 12221405, sat: False
c 55,-54,25,-73,-66,67,-9,-267,-88,56 time: 9.43, learned: 478246, props: 22916097, sat: False
c -55,-54,-25,73,66,67,9,-267,88,-56 time: 11.19, learned: 551036, props: 28395023, sat: False
c -55,54,25,73,66,67,9,267,88,56 time: 3.1, learned: 187527, props: 9856797, sat: False
c 55,54,25,-73,66,-67,-9,267,88,-56 time: 4.23, learned: 250390, props: 13297128, sat: False
c 55,54,25,-73,-66,67,9,267,88,56 time: 6.66, learned: 354990, props: 17717292, sat: False
c 55,-54,-25,73,-66,-67,-9,-267,88,56 time: 5.22, learned: 318362, props: 15579013, sat: False
c -55,-54,25,-73,-66,-67,9,267,88,-56 time: 10.31, learned: 481132, props: 23841906, sat: False
c -55,-54,-25,73,-66,67,9,-267,88,-56 time: 13.17, learned: 603418, props: 30474783, sat: False
c -55,54,25,73,-66,-67,-9,-267,88,-56 time: 7.27, learned: 371834, props: 17906745, sat: False
c 55,54,25,-73,66,-67,9,267,88,56 time: 5.25, learned: 324285, props: 16148352, sat: False
c 55,-54,-25,73,66,67,9,-267,-88,56 time: 10.45, learned: 511213, props: 24192524, sat: False
c 55,54,-25,-73,66,67,-9,267,88,56 time: 0.55, learned: 40744, props: 2635604, sat: False
c -55,-54,25,73,66,-67,-9,267,-88,-56 time: 1.22, learned: 78487, props: 4653248, sat: False
c 55,54,25,-73,66,67,-9,-267,-88,56 time: 4.23, learned: 254234, props: 13139587, sat: False
c 55,-54,-25,-73,-66,67,-9,267,88,-56 time: 4.82, learned: 294503, props: 14465473, sat: False
c -55,-54,25,-73,66,-67,-9,-267,-88,-56 time: 6.73, learned: 352144, props: 18048332, sat: False
c 55,54,-25,-73,-66,67,-9,-267,-88,-56 time: 6.92, learned: 382113, props: 18449912, sat: False
c 55,-54,25,73,66,67,9,267,88,-56 time: 2.77, learned: 180057, props: 9720825, sat: False
c 55,-54,25,73,66,-67,9,267,88,56 time: 9.52, learned: 464673, props: 22953285, sat: False
c -55,54,25,-73,-66,67,9,-267,88,56 time: 18.15, learned: 808452, props: 39217662, sat: False
c -55,-54,25,73,-66,-67,-9,-267,-88,56 time: 3.13, learned: 203438, props: 10799437, sat: False
c -55,-54,25,73,-66,67,-9,267,88,-56 time: 2.39, learned: 157275, props: 8225332, sat: False
c -55,54,25,73,-66,-67,-9,267,88,56 time: 8.36, learned: 427044, props: 20446680, sat: False
c 55,-54,25,-73,-66,67,-9,267,88,-56 time: 5.87, learned: 323699, props: 15721699, sat: False
c -55,-54,25,-73,-66,-67,9,267,-88,56 time: 13.23, learned: 600315, props: 27449162, sat: False
c 55,-54,-25,73,66,67,-9,267,-88,-56 time: 1.4, learned: 96031, props: 5066807, sat: False
c -55,54,25,73,-66,-67,-9,-267,-88,56 time: 3.11, learned: 195787, props: 10784242, sat: False
c 55,-54,-25,-73,66,-67,-9,-267,88,-56 time: 11.48, learned: 539128, props: 25738700, sat: False
c 55,-54,25,73,-66,67,9,-267,-88,56 time: 18.67, learned: 816789, props: 38056832, sat: False
c -55,54,25,73,66,67,-9,267,-88,-56 time: 0.65, learned: 43435, props: 2826052, sat: False
c 55,-54,-25,73,-66,-67,9,-267,88,56 time: 9.69, learned: 469718, props: 22972619, sat: False
c -55,54,-25,73,66,-67,9,267,88,-56 time: 7.48, learned: 381859, props: 18318361, sat: False
c -55,-54,-25,-73,-66,-67,9,267,-88,-56 time: 4.62, learned: 262838, props: 13611962, sat: False
c 55,-54,-25,-73,-66,67,-9,267,-88,-56 time: 2.3, learned: 146169, props: 7730608, sat: False
c 55,-54,-25,73,66,67,9,-267,88,56 time: 7.11, learned: 392022, props: 19438634, sat: False
c -55,54,25,-73,-66,-67,9,267,-88,56 time: 10.11, learned: 496045, props: 23798784, sat: False
c 55,54,25,-73,-66,67,-9,267,88,56 time: 2.27, learned: 142180, props: 8113909, sat: False
c -55,54,-25,73,66,67,-9,267,88,56 time: 0.75, learned: 52426, props: 3414226, sat: False
c -55,54,-25,73,66,-67,9,-267,-88,56 time: 20.4, learned: 892733, props: 42165706, sat: False
c 55,-54,-25,73,-66,67,9,267,-88,-56 time: 3.87, learned: 241426, props: 12582592, sat: False
c 55,-54,25,-73,-66,67,9,267,-88,56 time: 4.94, learned: 283976, props: 14542283, sat: False
c -55,54,-25,73,66,-67,9,-267,-88,-56 time: 15.01, learned: 673272, props: 31793185, sat: False
c -55,-54,-25,73,66,-67,9,-267,88,-56 time: 12.05, learned: 544233, props: 26596787, sat: False
c 55,-54,25,-73,66,67,-9,-267,88,56 time: 3.95, learned: 259249, props: 13159547, sat: False
c 55,54,-25,73,66,-67,9,267,-88,-56 time: 5.37, learned: 326120, props: 15794409, sat: False
c 55,54,25,-73,-66,67,-9,267,-88,-56 time: 2.43, learned: 160058, props: 8673362, sat: False
c 55,54,-25,73,-66,-67,-9,267,88,-56 time: 6.58, learned: 365252, props: 17896834, sat: False
c -55,54,-25,-73,66,-67,-9,-267,88,-56 time: 9.53, learned: 477822, props: 22903151, sat: False
c -55,-54,-25,-73,66,67,9,-267,88,56 time: 13.65, learned: 636822, props: 30604655, sat: False
c 55,-54,-25,73,66,67,9,267,-88,56 time: 1.11, learned: 92778, props: 5139796, sat: False
c -55,-54,25,73,-66,-67,9,267,88,-56 time: 8.23, learned: 428440, props: 20757175, sat: False
c -55,-54,-25,73,-66,67,-9,267,88,-56 time: 2.03, learned: 133582, props: 7086491, sat: False
c 55,54,25,73,66,67,9,-267,-88,56 time: 9.22, learned: 471223, props: 22303573, sat: False
c 55,54,25,73,66,67,-9,-267,88,56 time: 3.7, learned: 247801, props: 13198883, sat: False
c -55,54,-25,-73,66,-67,-9,267,88,-56 time: 3.72, learned: 231282, props: 11766835, sat: False
c 55,-54,-25,-73,-66,-67,9,267,-88,56 time: 10.75, learned: 510643, props: 26108805, sat: False
c 55,-54,-25,-73,-66,-67,9,267,-88,-56 time: 11.07, learned: 534418, props: 25376976, sat: False
c -55,54,-25,73,66,67,9,267,88,56 time: 1.87, learned: 133281, props: 7312064, sat: False
c -55,54,-25,-73,66,67,9,-267,88,-56 time: 22.3, learned: 973933, props: 45397564, sat: False
c -55,-54,25,73,66,67,-9,-267,-88,56 time: 7.7, learned: 369939, props: 18455623, sat: False
c 55,-54,-25,-73,-66,67,9,267,-88,-56 time: 5.54, learned: 317941, props: 15749275, sat: False
c -55,-54,25,-73,-66,67,-9,-267,-88,56 time: 9.85, learned: 483746, props: 22366787, sat: False
c -55,-54,25,-73,-66,-67,-9,267,88,56 time: 10.63, learned: 497896, props: 23161435, sat: False
c -55,-54,-25,73,66,-67,9,267,88,-56 time: 3.07, learned: 197261, props: 10339628, sat: False
c 55,-54,-25,73,-66,67,9,-267,-88,-56 time: 15.74, learned: 711647, props: 32980627, sat: False
c -55,54,-25,73,66,-67,-9,-267,88,-56 time: 12.89, learned: 578904, props: 28148292, sat: False
c -55,-54,25,73,66,67,9,267,88,56 time: 2.24, learned: 155613, props: 8487057, sat: False
c -55,-54,25,-73,66,-67,-9,-267,88,56 time: 12.56, learned: 574096, props: 28144382, sat: False
c 55,54,25,-73,66,67,-9,267,88,-56 time: 2.05, learned: 137095, props: 7536342, sat: False
c -55,-54,-25,73,66,-67,-9,-267,-88,56 time: 16.07, learned: 726118, props: 33481704, sat: False
c 55,54,-25,73,66,-67,-9,-267,-88,-56 time: 9.78, learned: 474189, props: 23049170, sat: False
c -55,-54,25,73,66,-67,9,267,88,56 time: 10.83, learned: 508631, props: 23884920, sat: False
c -55,-54,25,-73,-66,67,9,-267,-88,56 time: 20.57, learned: 880048, props: 41155724, sat: False
c -55,-54,25,-73,66,67,-9,-267,88,56 time: 8.35, learned: 422781, props: 21204292, sat: False
c -55,54,25,-73,-66,-67,-9,267,88,-56 time: 9.61, learned: 452046, props: 20943002, sat: False
c 55,54,25,-73,66,67,-9,267,88,56 time: 0.77, learned: 55298, props: 3519917, sat: False
c -55,54,-25,73,-66,67,9,267,88,-56 time: 6.43, learned: 345635, props: 16904697, sat: False
c -55,-54,25,73,66,67,9,267,88,-56 time: 2.8, learned: 183667, props: 9760579, sat: False
c 55,54,-25,73,66,67,9,267,88,56 time: 1.79, learned: 121756, props: 6975199, sat: False
c 55,54,-25,73,-66,-67,-9,-267,88,-56 time: 2.92, learned: 181597, props: 9726703, sat: False
c 55,54,25,73,66,67,-9,-267,88,-56 time: 10.98, learned: 522858, props: 27360696, sat: False
c -55,54,25,-73,-66,-67,-9,267,-88,-56 time: 3.95, learned: 237848, props: 12016715, sat: False
c 55,54,-25,-73,66,-67,-9,-267,88,-56 time: 7.45, learned: 404830, props: 20431523, sat: False
c 55,-54,25,-73,66,-67,-9,267,-88,-56 time: 2.91, learned: 167551, props: 8938730, sat: False
c 55,-54,-25,73,66,67,-9,-267,-88,-56 time: 7.99, learned: 433953, props: 20881001, sat: False
c 55,-54,-25,-73,-66,-67,-9,-267,-88,-56 time: 3.36, learned: 218179, props: 11366100, sat: False
c 55,-54,25,-73,-66,-67,9,-267,-88,-56 time: 9.51, learned: 468565, props: 21742630, sat: False
c 55,54,-25,-73,66,67,-9,267,-88,-56 time: 1.16, learned: 85756, props: 4948810, sat: False
c 55,54,-25,-73,-66,-67,-9,-267,-88,56 time: 0.71, learned: 56865, props: 3494192, sat: False
c -55,54,-25,-73,-66,67,-9,267,88,56 time: 2.27, learned: 156100, props: 8672659, sat: False
c -55,54,25,-73,-66,67,9,-267,-88,56 time: 13.88, learned: 670779, props: 32244477, sat: False
c 55,54,25,-73,66,-67,9,267,-88,-56 time: 6.67, learned: 357267, props: 17759956, sat: False
c -55,-54,-25,-73,-66,67,-9,267,88,56 time: 6.49, learned: 350965, props: 17067991, sat: False
c -55,54,-25,73,-66,-67,9,-267,-88,56 time: 5.94, learned: 320472, props: 17034824, sat: False
c -55,54,25,-73,-66,67,9,267,88,-56 time: 11.82, learned: 557511, props: 25597836, sat: False
c 55,-54,25,-73,66,67,9,267,88,-56 time: 4.04, learned: 245909, props: 12883287, sat: False
c 55,54,25,-73,-66,-67,-9,-267,-88,56 time: 1.89, learned: 128602, props: 7331401, sat: False
c -55,-54,25,-73,66,-67,9,267,88,56 time: 12.07, learned: 562693, props: 27392497, sat: False
c -55,-54,-25,-73,66,67,9,267,-88,-56 time: 0.93, learned: 68446, props: 3946645, sat: False
c 55,-54,-25,-73,-66,67,-9,-267,-88,-56 time: 7.89, learned: 415971, props: 20792190, sat: False
c 55,54,25,-73,66,-67,9,-267,-88,-56 time: 13.51, learned: 663950, props: 32254662, sat: False
c -55,54,25,73,-66,-67,-9,267,88,-56 time: 7.68, learned: 382546, props: 18431040, sat: False
c -55,54,25,73,-66,-67,9,-267,-88,56 time: 5.16, learned: 291832, props: 15594761, sat: False
c -55,54,-25,73,-66,-67,-9,267,-88,-56 time: 3.51, learned: 214333, props: 10990312, sat: False
c -55,54,25,73,-66,67,-9,-267,-88,56 time: 10.23, learned: 520264, props: 24622193, sat: False
c 55,-54,-25,73,66,-67,9,-267,88,56 time: 5.87, learned: 317834, props: 15414652, sat: False
c 55,-54,25,-73,66,67,9,-267,-88,56 time: 10.62, learned: 518697, props: 24727503, sat: False
c -55,54,-25,73,-66,67,-9,-267,88,56 time: 9.69, learned: 494493, props: 24018301, sat: False
c 55,54,-25,-73,66,67,9,-267,88,56 time: 6.16, learned: 348167, props: 17633309, sat: False
c -55,54,-25,-73,66,-67,-9,-267,-88,-56 time: 8.61, learned: 443025, props: 20706019, sat: False
c 55,-54,-25,-73,-66,67,-9,267,88,56 time: 3.43, learned: 222621, props: 11613313, sat: False
c -55,-54,-25,-73,66,67,9,267,88,-56 time: 1.27, learned: 88372, props: 4935875, sat: False
c 55,-54,25,73,66,-67,-9,267,-88,56 time: 3.05, learned: 187435, props: 9878296, sat: False
c 55,54,25,-73,-66,-67,-9,-267,-88,-56 time: 2.35, learned: 141651, props: 7407969, sat: False
c -55,54,-25,-73,-66,-67,-9,267,88,56 time: 3.45, learned: 217784, props: 11868358, sat: False
c 55,54,-25,-73,-66,-67,9,-267,88,-56 time: 5.95, learned: 338964, props: 16753688, sat: False
c 55,54,25,73,66,-67,9,267,-88,56 time: 5.07, learned: 306718, props: 15540358, sat: False
c -55,54,25,73,66,-67,-9,267,88,56 time: 6.15, learned: 338864, props: 16893181, sat: False
c 55,54,25,-73,-66,67,9,267,-88,56 time: 3.46, learned: 226847, props: 11896621, sat: False
c -55,54,-25,73,-66,-67,9,-267,-88,-56 time: 6.3, learned: 348843, props: 16532548, sat: False
c 55,-54,25,73,66,67,-9,267,88,-56 time: 1.69, learned: 118020, props: 6867388, sat: False
c 55,-54,25,73,-66,67,-9,267,88,56 time: 3.82, learned: 227698, props: 11498046, sat: False
c -55,-54,25,-73,66,-67,-9,267,-88,56 time: 2.26, learned: 156925, props: 8310689, sat: False
c 55,54,-25,-73,66,67,-9,-267,88,56 time: 2.0, learned: 138287, props: 7656832, sat: False
c 55,54,25,73,66,-67,-9,267,-88,56 time: 2.02, learned: 140686, props: 7920443, sat: False
c 55,-54,-25,-73,-66,67,-9,267,-88,56 time: 1.92, learned: 135979, props: 7463763, sat: False
c 55,54,25,73,-66,67,9,267,88,-56 time: 10.34, learned: 516767, props: 24716963, sat: False
c 55,-54,25,-73,-66,-67,-9,-267,-88,-56 time: 4.87, learned: 282172, props: 13790248, sat: False
c 55,54,-25,-73,66,67,-9,267,88,-56 time: 1.86, learned: 130213, props: 7179292, sat: False
c -55,-54,-25,73,66,-67,-9,-267,88,-56 time: 4.89, learned: 296184, props: 14900934, sat: False
c 55,54,-25,-73,-66,-67,-9,-267,-88,-56 time: 1.99, learned: 136922, props: 7400359, sat: False
c -55,54,25,-73,66,67,-9,267,-88,-56 time: 0.69, learned: 54601, props: 3449545, sat: False
c -55,54,-25,-73,66,-67,-9,-267,-88,56 time: 7.68, learned: 414410, props: 21296567, sat: False
c -55,54,25,-73,-66,-67,9,-267,-88,56 time: 6.24, learned: 356716, props: 17709338, sat: False
c 55,-54,25,73,-66,67,9,267,-88,56 time: 5.19, learned: 308809, props: 14944307, sat: False
c -55,-54,25,-73,66,-67,-9,-267,88,-56 time: 7.99, learned: 419210, props: 20071555, sat: False
c -55,54,-25,73,66,-67,9,267,-88,56 time: 2.94, learned: 196072, props: 10266734, sat: False
c -55,-54,25,-73,-66,67,9,267,-88,56 time: 7.54, learned: 388450, props: 19084210, sat: False
c -55,54,-25,73,66,-67,9,267,-88,-56 time: 3.1, learned: 186259, props: 9901774, sat: False
c -55,54,25,-73,-66,67,-9,267,88,56 time: 4.06, learned: 253033, props: 12772823, sat: False
c -55,54,25,-73,-66,67,-9,-267,88,56 time: 13.83, learned: 645978, props: 30951879, sat: False
c -55,54,-25,-73,-66,67,9,-267,88,-56 time: 21.22, learned: 924796, props: 42300459, sat: False
c 55,54,-25,73,66,-67,-9,-267,88,56 time: 1.5, learned: 101785, props: 6027287, sat: False
c 55,54,-25,73,-66,67,-9,-267,-88,-56 time: 5.57, learned: 333357, props: 17228484, sat: False
c -55,54,-25,-73,66,-67,9,267,88,56 time: 7.18, learned: 391910, props: 19290123, sat: False
c -55,-54,25,-73,66,67,9,-267,88,-56 time: 17.56, learned: 796668, props: 39820294, sat: False
c 55,-54,25,-73,-66,-67,-9,-267,88,56 time: 5.01, learned: 296648, props: 14740972, sat: False
c -55,54,25,-73,66,-67,9,-267,-88,-56 time: 28.29, learned: 1125918, props: 52562890, sat: False
c -55,54,25,-73,-66,67,9,267,-88,56 time: 5.44, learned: 320316, props: 16269528, sat: False
c -55,-54,25,73,66,67,-9,267,-88,-56 time: 0.44, learned: 32118, props: 2100679, sat: False
c 55,54,25,-73,-66,-67,-9,-267,88,-56 time: 3.19, learned: 196908, props: 10202663, sat: False
c -55,54,25,-73,-66,-67,9,267,-88,-56 time: 9.87, learned: 468818, props: 22308577, sat: False
c -55,54,-25,-73,66,67,-9,267,88,56 time: 0.63, learned: 45408, props: 2963271, sat: False
c -55,-54,25,-73,66,67,9,267,88,-56 time: 2.61, learned: 175038, props: 9206769, sat: False
c -55,54,-25,-73,66,67,9,-267,-88,56 time: 9.01, learned: 455055, props: 21616294, sat: False
c -55,-54,-25,73,-66,-67,9,267,-88,-56 time: 3.08, learned: 188907, props: 9849619, sat: False
c -55,54,-25,73,66,-67,-9,267,-88,-56 time: 1.83, learned: 125686, props: 6977162, sat: False
c -55,54,-25,-73,-66,67,-9,-267,88,56 time: 8.42, learned: 455193, props: 22217833, sat: False
c -55,54,25,-73,66,-67,-9,267,-88,56 time: 3.04, learned: 193195, props: 10413108, sat: False
c -55,54,25,-73,66,67,-9,-267,-88,56 time: 7.43, learned: 382421, props: 18710847, sat: False
c 55,54,25,73,66,-67,-9,-267,88,-56 time: 8.85, learned: 455931, props: 22919214, sat: False
c -55,-54,25,-73,-66,-67,-9,-267,-88,56 time: 4.62, learned: 270987, props: 13003138, sat: False
c 55,54,-25,-73,66,-67,9,267,-88,56 time: 2.54, learned: 157115, props: 8935561, sat: False
c -55,-54,25,73,-66,-67,-9,267,88,56 time: 8.41, learned: 408149, props: 19545863, sat: False
c 55,-54,25,-73,-66,67,9,267,88,56 time: 11.31, learned: 539046, props: 26817742, sat: False
c -55,-54,25,73,66,-67,9,-267,88,-56 time: 14.13, learned: 636667, props: 30708508, sat: False
c 55,-54,25,-73,66,67,-9,267,88,-56 time: 1.71, learned: 123441, props: 6910008, sat: False
c -55,-54,-25,73,66,67,-9,267,88,56 time: 1.19, learned: 92149, props: 5277779, sat: False
c 55,-54,-25,73,-66,67,-9,267,88,56 time: 3.45, learned: 224811, props: 11534568, sat: False
c -55,-54,-25,-73,66,67,-9,-267,88,-56 time: 7.22, learned: 379700, props: 19552738, sat: False
c 55,-54,-25,73,66,-67,-9,-267,-88,-56 time: 12.86, learned: 584916, props: 28349083, sat: False
c 55,54,-25,73,-66,-67,9,267,-88,56 time: 5.58, learned: 324556, props: 16925048, sat: False
c 55,-54,-25,73,66,-67,9,267,-88,56 time: 4.72, learned: 294608, props: 14461739, sat: False
c -55,-54,-25,-73,-66,-67,-9,-267,-88,56 time: 3.0, learned: 196432, props: 10189175, sat: False
c -55,-54,-25,-73,66,67,-9,267,-88,56 time: 0.53, learned: 40745, props: 2634975, sat: False
c 55,-54,25,73,-66,67,-9,-267,-88,-56 time: 7.85, learned: 407996, props: 20056756, sat: False
c -55,54,25,73,66,-67,9,-267,88,56 time: 34.33, learned: 1305773, props: 63397502, sat: False
c -55,-54,25,73,-66,67,-9,267,-88,-56 time: 1.1, learned: 75877, props: 4338566, sat: False
c 55,-54,25,73,66,67,-9,-267,88,-56 time: 15.23, learned: 702228, props: 33431850, sat: False
c -55,54,-25,73,66,67,-9,-267,-88,-56 time: 8.51, learned: 406743, props: 20607553, sat: False
c 55,-54,25,-73,-66,67,9,-267,-88,56 time: 16.97, learned: 790567, props: 37624083, sat: False
c -55,-54,-25,-73,-66,-67,9,-267,-88,56 time: 6.82, learned: 343924, props: 17330973, sat: False
c -55,-54,-25,73,66,67,9,267,88,56 time: 1.85, learned: 120424, props: 6720940, sat: False
c -55,-54,-25,-73,66,67,-9,267,88,-56 time: 0.76, learned: 55992, props: 3416954, sat: False
c 55,-54,25,-73,-66,67,-9,-267,88,-56 time: 16.35, learned: 742352, props: 34224849, sat: False
c 55,-54,25,73,66,-67,9,267,-88,-56 time: 6.65, learned: 354511, props: 17747100, sat: False
c -55,-54,25,73,66,-67,-9,-267,88,56 time: 15.72, learned: 663311, props: 32038706, sat: False
c -55,-54,-25,73,-66,67,9,-267,88,56 time: 21.33, learned: 935145, props: 43394173, sat: False
c 55,54,-25,73,-66,67,-9,267,-88,56 time: 2.11, learned: 134677, props: 7310952, sat: False
c -55,-54,25,-73,66,-67,-9,-267,-88,56 time: 12.62, learned: 577055, props: 28686022, sat: False
c -55,54,25,-73,66,-67,9,-267,-88,56 time: 23.64, learned: 1011199, props: 47110263, sat: False
c -55,-54,25,-73,-66,-67,9,-267,88,-56 time: 8.45, learned: 401303, props: 20197043, sat: False
c 55,54,-25,73,66,-67,9,-267,88,56 time: 2.75, learned: 171698, props: 9687659, sat: False
c 55,54,25,73,-66,67,-9,-267,88,56 time: 9.07, learned: 474745, props: 24285370, sat: False
c 55,-54,25,73,-66,67,9,-267,88,56 time: 31.23, learned: 1247231, props: 58682172, sat: False
c 55,54,-25,-73,66,67,9,267,-88,-56 time: 1.94, learned: 136022, props: 7558824, sat: False
c -55,54,-25,73,66,-67,-9,267,-88,56 time: 2.87, learned: 182090, props: 9911751, sat: False
c 55,54,25,-73,66,-67,-9,-267,-88,-56 time: 9.65, learned: 463021, props: 22397271, sat: False
c -55,54,25,-73,-66,-67,9,267,88,-56 time: 11.98, learned: 575889, props: 28193921, sat: False
c -55,-54,25,-73,-66,67,-9,267,-88,-56 time: 1.95, learned: 127667, props: 6632834, sat: False
c 55,54,-25,-73,-66,67,9,267,88,-56 time: 10.37, learned: 518660, props: 25271458, sat: False
c -55,54,-25,73,-66,-67,-9,267,88,-56 time: 6.01, learned: 322020, props: 15885488, sat: False
c 55,54,25,73,66,-67,-9,267,-88,-56 time: 2.96, learned: 191521, props: 10058286, sat: False
c -55,54,-25,-73,-66,-67,9,-267,88,-56 time: 9.43, learned: 459049, props: 21708495, sat: False
c -55,-54,25,73,66,67,9,-267,88,56 time: 18.55, learned: 799361, props: 39284279, sat: False
c 55,54,-25,-73,-66,67,9,-267,88,-56 time: 26.11, learned: 1103224, props: 50951676, sat: False
c -55,54,-25,73,-66,-67,-9,-267,88,-56 time: 6.95, learned: 370865, props: 17587652, sat: False
c 55,-54,-25,73,-66,67,9,267,88,56 time: 7.1, learned: 376237, props: 18969580, sat: False
c 55,54,-25,73,66,-67,9,267,-88,56 time: 3.66, learned: 242414, props: 12769617, sat: False
c 55,-54,25,-73,66,67,-9,267,-88,56 time: 0.48, learned: 38145, props: 2507232, sat: False
c 55,54,25,-73,66,67,9,-267,-88,-56 time: 19.16, learned: 878370, props: 41503428, sat: False
c -55,54,25,73,66,67,-9,-267,-88,56 time: 8.79, learned: 452224, props: 22002509, sat: False
c -55,54,-25,-73,66,-67,9,-267,88,-56 time: 18.19, learned: 794763, props: 37715728, sat: False
c -55,54,25,-73,-66,67,9,-267,88,-56 time: 28.71, learned: 1153932, props: 54404397, sat: False
c 55,54,25,73,66,-67,9,-267,88,-56 time: 15.05, learned: 717755, props: 33982863, sat: False
c -55,54,25,-73,-66,-67,-9,-267,88,-56 time: 5.89, learned: 328636, props: 15898561, sat: False
c -55,54,25,-73,-66,-67,9,267,88,56 time: 12.88, learned: 584601, props: 28134625, sat: False
c 55,54,25,73,-66,-67,9,-267,-88,56 time: 2.37, learned: 148721, props: 8184313, sat: False
c 55,-54,25,73,66,-67,9,-267,88,-56 time: 22.93, learned: 941703, props: 45405738, sat: False
c 55,54,-25,73,66,67,-9,267,88,56 time: 0.47, learned: 37150, props: 2459617, sat: False
c -55,-54,-25,73,-66,-67,-9,267,88,56 time: 5.47, learned: 318241, props: 15224205, sat: False
c 55,-54,-25,73,-66,-67,9,-267,88,-56 time: 10.56, learned: 500231, props: 25649664, sat: False
c 55,54,25,-73,66,-67,9,-267,-88,56 time: 6.88, learned: 377330, props: 18683310, sat: False
c -55,-54,-25,73,-66,-67,-9,-267,88,-56 time: 2.71, learned: 162802, props: 9043709, sat: False
c 55,-54,-25,73,66,67,-9,-267,-88,56 time: 3.34, learned: 216324, props: 11650226, sat: False
c -55,-54,25,73,-66,-67,9,267,-88,56 time: 11.42, learned: 513929, props: 24382429, sat: False
c -55,54,-25,73,66,-67,-9,267,88,-56 time: 4.11, learned: 245924, props: 12391507, sat: False
c 55,-54,25,73,-66,-67,9,-267,88,56 time: 10.75, learned: 515600, props: 25379011, sat: False
c 55,-54,25,73,-66,-67,9,267,88,-56 time: 11.89, learned: 536271, props: 26229120, sat: False
c -55,-54,-25,73,-66,-67,9,267,-88,56 time: 7.53, learned: 396739, props: 18755132, sat: False
c 55,-54,25,-73,66,-67,-9,267,88,56 time: 3.69, learned: 228068, props: 12317621, sat: False
c -55,54,-25,73,-66,67,9,267,-88,-56 time: 2.9, learned: 186244, props: 9951646, sat: False
c -55,-54,-25,-73,66,-67,9,267,-88,56 time: 4.97, learned: 271308, props: 13906201, sat: False
c 55,54,25,73,66,-67,9,267,-88,-56 time: 7.05, learned: 382606, props: 18471061, sat: False
c 55,54,25,-73,-66,67,9,-267,-88,56 time: 8.55, learned: 476645, props: 22891698, sat: False
c 55,-54,25,-73,-66,-67,9,267,88,-56 time: 11.76, learned: 566160, props: 26425537, sat: False
c 55,-54,25,73,66,67,9,267,-88,56 time: 1.95, learned: 120913, props: 6778932, sat: False
c 55,-54,25,-73,-66,-67,9,267,-88,56 time: 12.39, learned: 593561, props: 28023620, sat: False
c 55,-54,-25,73,-66,-67,-9,267,88,-56 time: 6.91, learned: 382814, props: 19208173, sat: False
c solving stats
c sum time: 7841.47
c max time: 42.97
c avg time: 7.66
c approx optimal scheduling on 4 cores: 1960.37
c approx optimal scheduling on 8 cores: 980.20
c approx optimal scheduling on 16 cores: 490.15
c approx optimal scheduling on 32 cores: 245.36
c approx optimal scheduling on 64 cores: 122.66
c approx optimal scheduling on 128 cores: 61.48
